<?xml version="1.0" ?>
<!DOCTYPE coverage SYSTEM "http://cobertura.sourceforge.net/xml/coverage-04.dtd">
<coverage lines-valid="6088"  lines-covered="4552"  line-rate="0.7476999999999999"  branches-valid="2464"  branches-covered="1349"  branch-rate="0.5475"  timestamp="1437563841576" complexity="0" version="0.1">
<sources>
	<source>/home/user/WebstormProjects/kamel-leon</source>
</sources>
<packages>
	<package name="scripts"  line-rate="1"  branch-rate="0.1081" >
	<classes>
		<class name="app.js"  filename="./app/scripts/app.js"  line-rate="1"  branch-rate="0.1081" >
		<methods>
			<method name="(anonymous_1)"  hits="498"  signature="()V" >
				<lines><line number="6"  hits="498" /></lines>
			</method>
			<method name="(anonymous_2)"  hits="0"  signature="()V" >
				<lines><line number="6"  hits="0" /></lines>
			</method>
			<method name="(anonymous_3)"  hits="498"  signature="()V" >
				<lines><line number="6"  hits="498" /></lines>
			</method>
			<method name="(anonymous_4)"  hits="498"  signature="()V" >
				<lines><line number="6"  hits="498" /></lines>
			</method>
			<method name="(anonymous_5)"  hits="498"  signature="()V" >
				<lines><line number="6"  hits="498" /></lines>
			</method>
			<method name="(anonymous_6)"  hits="498"  signature="()V" >
				<lines><line number="6"  hits="498" /></lines>
			</method>
			<method name="(anonymous_7)"  hits="0"  signature="()V" >
				<lines><line number="6"  hits="0" /></lines>
			</method>
			<method name="(anonymous_8)"  hits="0"  signature="()V" >
				<lines><line number="6"  hits="0" /></lines>
			</method>
			<method name="(anonymous_9)"  hits="0"  signature="()V" >
				<lines><line number="6"  hits="0" /></lines>
			</method>
			<method name="(anonymous_10)"  hits="0"  signature="()V" >
				<lines><line number="6"  hits="0" /></lines>
			</method>
			<method name="(anonymous_11)"  hits="0"  signature="()V" >
				<lines><line number="6"  hits="0" /></lines>
			</method>
			<method name="(anonymous_12)"  hits="0"  signature="()V" >
				<lines><line number="6"  hits="0" /></lines>
			</method>
			<method name="(anonymous_13)"  hits="0"  signature="()V" >
				<lines><line number="6"  hits="0" /></lines>
			</method>
			<method name="(anonymous_14)"  hits="0"  signature="()V" >
				<lines><line number="6"  hits="0" /></lines>
			</method>
			<method name="(anonymous_15)"  hits="0"  signature="()V" >
				<lines><line number="6"  hits="0" /></lines>
			</method>
			<method name="(anonymous_16)"  hits="0"  signature="()V" >
				<lines><line number="6"  hits="0" /></lines>
			</method>
			<method name="(anonymous_17)"  hits="0"  signature="()V" >
				<lines><line number="6"  hits="0" /></lines>
			</method>
			<method name="(anonymous_18)"  hits="0"  signature="()V" >
				<lines><line number="6"  hits="0" /></lines>
			</method>
			<method name="(anonymous_19)"  hits="0"  signature="()V" >
				<lines><line number="6"  hits="0" /></lines>
			</method>
		</methods>
		<lines>
			<line number="1"  hits="2"  branch="true"  condition-coverage="50% (1/2)" />
			<line number="2"  hits="2"  branch="true"  condition-coverage="50% (1/2)" />
			<line number="3"  hits="249"  branch="false" />
			<line number="5"  hits="250"  branch="false" />
			<line number="6"  hits="498"  branch="true"  condition-coverage="8.571428571428571% (6/70)" />
		</lines>
		</class>
		<class name="front.js"  filename="./app/scripts/front.js"  line-rate="1"  branch-rate="1" >
		<methods>
		</methods>
		<lines>
		</lines>
		</class>
	</classes>
	</package>
	<package name="scripts.controllers.404"  line-rate="1"  branch-rate="1" >
	<classes>
		<class name="404.js"  filename="./app/scripts/controllers/404/404.js"  line-rate="1"  branch-rate="1" >
		<methods>
			<method name="(anonymous_1)"  hits="1"  signature="()V" >
				<lines><line number="28"  hits="1" /></lines>
			</method>
		</methods>
		<lines>
			<line number="26"  hits="1"  branch="false" />
			<line number="28"  hits="1"  branch="false" />
			<line number="29"  hits="1"  branch="false" />
		</lines>
		</class>
	</classes>
	</package>
	<package name="scripts.controllers.adminPanel"  line-rate="0.8020999999999999"  branch-rate="0.4545" >
	<classes>
		<class name="adminPanel.js"  filename="./app/scripts/controllers/adminPanel/adminPanel.js"  line-rate="0.8020999999999999"  branch-rate="0.4545" >
		<methods>
			<method name="(anonymous_1)"  hits="16"  signature="()V" >
				<lines><line number="28"  hits="16" /></lines>
			</method>
			<method name="(anonymous_2)"  hits="2"  signature="()V" >
				<lines><line number="33"  hits="2" /></lines>
			</method>
			<method name="(anonymous_3)"  hits="7"  signature="()V" >
				<lines><line number="42"  hits="7" /></lines>
			</method>
			<method name="(anonymous_4)"  hits="2"  signature="()V" >
				<lines><line number="46"  hits="2" /></lines>
			</method>
			<method name="(anonymous_5)"  hits="2"  signature="()V" >
				<lines><line number="56"  hits="2" /></lines>
			</method>
			<method name="(anonymous_6)"  hits="5"  signature="()V" >
				<lines><line number="66"  hits="5" /></lines>
			</method>
			<method name="(anonymous_7)"  hits="1"  signature="()V" >
				<lines><line number="76"  hits="1" /></lines>
			</method>
			<method name="(anonymous_8)"  hits="1"  signature="()V" >
				<lines><line number="84"  hits="1" /></lines>
			</method>
			<method name="(anonymous_9)"  hits="1"  signature="()V" >
				<lines><line number="90"  hits="1" /></lines>
			</method>
			<method name="(anonymous_10)"  hits="7"  signature="()V" >
				<lines><line number="109"  hits="7" /></lines>
			</method>
			<method name="(anonymous_11)"  hits="6"  signature="()V" >
				<lines><line number="114"  hits="6" /></lines>
			</method>
			<method name="(anonymous_12)"  hits="2"  signature="()V" >
				<lines><line number="121"  hits="2" /></lines>
			</method>
			<method name="(anonymous_13)"  hits="2"  signature="()V" >
				<lines><line number="132"  hits="2" /></lines>
			</method>
			<method name="(anonymous_14)"  hits="1"  signature="()V" >
				<lines><line number="160"  hits="1" /></lines>
			</method>
			<method name="(anonymous_15)"  hits="0"  signature="()V" >
				<lines><line number="173"  hits="0" /></lines>
			</method>
			<method name="(anonymous_16)"  hits="2"  signature="()V" >
				<lines><line number="190"  hits="2" /></lines>
			</method>
			<method name="(anonymous_17)"  hits="2"  signature="()V" >
				<lines><line number="196"  hits="2" /></lines>
			</method>
			<method name="(anonymous_18)"  hits="1"  signature="()V" >
				<lines><line number="204"  hits="1" /></lines>
			</method>
			<method name="(anonymous_19)"  hits="1"  signature="()V" >
				<lines><line number="208"  hits="1" /></lines>
			</method>
		</methods>
		<lines>
			<line number="26"  hits="1"  branch="false" />
			<line number="28"  hits="1"  branch="false" />
			<line number="31"  hits="16"  branch="false" />
			<line number="33"  hits="16"  branch="false" />
			<line number="34"  hits="2"  branch="true"  condition-coverage="100% (2/2)" />
			<line number="35"  hits="1"  branch="false" />
			<line number="37"  hits="1"  branch="false" />
			<line number="38"  hits="1"  branch="false" />
			<line number="42"  hits="16"  branch="false" />
			<line number="43"  hits="7"  branch="false" />
			<line number="46"  hits="16"  branch="false" />
			<line number="47"  hits="2"  branch="false" />
			<line number="48"  hits="2"  branch="true"  condition-coverage="50% (1/2)" />
			<line number="49"  hits="2"  branch="false" />
			<line number="51"  hits="0"  branch="false" />
			<line number="53"  hits="2"  branch="false" />
			<line number="56"  hits="16"  branch="false" />
			<line number="57"  hits="2"  branch="false" />
			<line number="58"  hits="2"  branch="true"  condition-coverage="50% (1/2)" />
			<line number="59"  hits="2"  branch="false" />
			<line number="61"  hits="0"  branch="false" />
			<line number="63"  hits="2"  branch="false" />
			<line number="66"  hits="16"  branch="false" />
			<line number="68"  hits="5"  branch="false" />
			<line number="78"  hits="1"  branch="false" />
			<line number="79"  hits="1"  branch="false" />
			<line number="84"  hits="16"  branch="false" />
			<line number="86"  hits="1"  branch="false" />
			<line number="91"  hits="1"  branch="false" />
			<line number="94"  hits="16"  branch="false" />
			<line number="95"  hits="16"  branch="false" />
			<line number="97"  hits="16"  branch="false" />
			<line number="100"  hits="16"  branch="false" />
			<line number="101"  hits="16"  branch="false" />
			<line number="102"  hits="16"  branch="false" />
			<line number="103"  hits="16"  branch="false" />
			<line number="104"  hits="16"  branch="false" />
			<line number="105"  hits="16"  branch="false" />
			<line number="106"  hits="16"  branch="false" />
			<line number="107"  hits="16"  branch="false" />
			<line number="108"  hits="16"  branch="false" />
			<line number="109"  hits="16"  branch="false" />
			<line number="110"  hits="7"  branch="false" />
			<line number="115"  hits="6"  branch="false" />
			<line number="116"  hits="6"  branch="false" />
			<line number="117"  hits="12"  branch="false" />
			<line number="121"  hits="16"  branch="false" />
			<line number="122"  hits="2"  branch="true"  condition-coverage="50% (1/2)" />
			<line number="123"  hits="0"  branch="false" />
			<line number="124"  hits="0"  branch="true"  condition-coverage="0% (0/2)" />
			<line number="125"  hits="0"  branch="false" />
			<line number="128"  hits="2"  branch="true"  condition-coverage="50% (1/2)" />
			<line number="129"  hits="2"  branch="false" />
			<line number="131"  hits="2"  branch="false" />
			<line number="132"  hits="2"  branch="false" />
			<line number="133"  hits="2"  branch="true"  condition-coverage="50% (1/2)" />
			<line number="134"  hits="2"  branch="true"  condition-coverage="50% (1/2)" />
			<line number="136"  hits="0"  branch="false" />
			<line number="137"  hits="0"  branch="false" />
			<line number="138"  hits="0"  branch="false" />
			<line number="139"  hits="0"  branch="false" />
			<line number="140"  hits="0"  branch="true"  condition-coverage="0% (0/2)" />
			<line number="141"  hits="0"  branch="false" />
			<line number="143"  hits="0"  branch="true"  condition-coverage="0% (0/2)" />
			<line number="144"  hits="0"  branch="false" />
			<line number="148"  hits="2"  branch="false" />
			<line number="149"  hits="2"  branch="false" />
			<line number="150"  hits="2"  branch="false" />
			<line number="151"  hits="2"  branch="true"  condition-coverage="50% (1/2)" />
			<line number="152"  hits="0"  branch="false" />
			<line number="154"  hits="2"  branch="true"  condition-coverage="50% (1/2)" />
			<line number="155"  hits="2"  branch="false" />
			<line number="161"  hits="1"  branch="false" />
			<line number="162"  hits="1"  branch="false" />
			<line number="164"  hits="1"  branch="false" />
			<line number="165"  hits="1"  branch="false" />
			<line number="168"  hits="1"  branch="false" />
			<line number="170"  hits="1"  branch="true"  condition-coverage="50% (1/2)" />
			<line number="171"  hits="0"  branch="false" />
			<line number="174"  hits="0"  branch="false" />
			<line number="177"  hits="2"  branch="false" />
			<line number="182"  hits="0"  branch="true"  condition-coverage="0% (0/2)" />
			<line number="183"  hits="0"  branch="false" />
			<line number="190"  hits="16"  branch="false" />
			<line number="191"  hits="2"  branch="false" />
			<line number="192"  hits="2"  branch="false" />
			<line number="197"  hits="2"  branch="false" />
			<line number="198"  hits="2"  branch="false" />
			<line number="199"  hits="2"  branch="false" />
			<line number="204"  hits="16"  branch="false" />
			<line number="205"  hits="1"  branch="false" />
			<line number="208"  hits="16"  branch="false" />
			<line number="209"  hits="1"  branch="false" />
			<line number="210"  hits="2"  branch="true"  condition-coverage="80% (4/5)" />
			<line number="211"  hits="0"  branch="false" />
			<line number="213"  hits="2"  branch="false" />
		</lines>
		</class>
	</classes>
	</package>
	<package name="scripts.controllers.common"  line-rate="0.6603"  branch-rate="0.3958" >
	<classes>
		<class name="common.js"  filename="./app/scripts/controllers/common/common.js"  line-rate="0.6603"  branch-rate="0.3958" >
		<methods>
			<method name="(anonymous_1)"  hits="14"  signature="()V" >
				<lines><line number="31"  hits="14" /></lines>
			</method>
			<method name="(anonymous_2)"  hits="17"  signature="()V" >
				<lines><line number="68"  hits="17" /></lines>
			</method>
			<method name="(anonymous_3)"  hits="2"  signature="()V" >
				<lines><line number="69"  hits="2" /></lines>
			</method>
			<method name="(anonymous_4)"  hits="1"  signature="()V" >
				<lines><line number="77"  hits="1" /></lines>
			</method>
			<method name="(anonymous_5)"  hits="1"  signature="()V" >
				<lines><line number="81"  hits="1" /></lines>
			</method>
			<method name="(anonymous_6)"  hits="1"  signature="()V" >
				<lines><line number="84"  hits="1" /></lines>
			</method>
			<method name="(anonymous_7)"  hits="15"  signature="()V" >
				<lines><line number="90"  hits="15" /></lines>
			</method>
			<method name="(anonymous_8)"  hits="1"  signature="()V" >
				<lines><line number="101"  hits="1" /></lines>
			</method>
			<method name="(anonymous_9)"  hits="1"  signature="()V" >
				<lines><line number="109"  hits="1" /></lines>
			</method>
			<method name="(anonymous_10)"  hits="1"  signature="()V" >
				<lines><line number="111"  hits="1" /></lines>
			</method>
			<method name="(anonymous_11)"  hits="0"  signature="()V" >
				<lines><line number="114"  hits="0" /></lines>
			</method>
			<method name="(anonymous_12)"  hits="6"  signature="()V" >
				<lines><line number="130"  hits="6" /></lines>
			</method>
			<method name="(anonymous_13)"  hits="4"  signature="()V" >
				<lines><line number="138"  hits="4" /></lines>
			</method>
			<method name="(anonymous_14)"  hits="0"  signature="()V" >
				<lines><line number="142"  hits="0" /></lines>
			</method>
			<method name="(anonymous_15)"  hits="6"  signature="()V" >
				<lines><line number="152"  hits="6" /></lines>
			</method>
			<method name="(anonymous_16)"  hits="6"  signature="()V" >
				<lines><line number="198"  hits="6" /></lines>
			</method>
			<method name="(anonymous_17)"  hits="6"  signature="()V" >
				<lines><line number="203"  hits="6" /></lines>
			</method>
			<method name="(anonymous_18)"  hits="6"  signature="()V" >
				<lines><line number="208"  hits="6" /></lines>
			</method>
			<method name="(anonymous_19)"  hits="6"  signature="()V" >
				<lines><line number="221"  hits="6" /></lines>
			</method>
			<method name="(anonymous_20)"  hits="0"  signature="()V" >
				<lines><line number="225"  hits="0" /></lines>
			</method>
			<method name="(anonymous_21)"  hits="11"  signature="()V" >
				<lines><line number="233"  hits="11" /></lines>
			</method>
			<method name="(anonymous_22)"  hits="6"  signature="()V" >
				<lines><line number="239"  hits="6" /></lines>
			</method>
			<method name="(anonymous_23)"  hits="6"  signature="()V" >
				<lines><line number="246"  hits="6" /></lines>
			</method>
			<method name="(anonymous_24)"  hits="15"  signature="()V" >
				<lines><line number="271"  hits="15" /></lines>
			</method>
			<method name="(anonymous_25)"  hits="8"  signature="()V" >
				<lines><line number="286"  hits="8" /></lines>
			</method>
			<method name="(anonymous_26)"  hits="5"  signature="()V" >
				<lines><line number="312"  hits="5" /></lines>
			</method>
			<method name="(anonymous_27)"  hits="1"  signature="()V" >
				<lines><line number="376"  hits="1" /></lines>
			</method>
			<method name="(anonymous_28)"  hits="0"  signature="()V" >
				<lines><line number="377"  hits="0" /></lines>
			</method>
			<method name="(anonymous_29)"  hits="1"  signature="()V" >
				<lines><line number="384"  hits="1" /></lines>
			</method>
			<method name="(anonymous_30)"  hits="1"  signature="()V" >
				<lines><line number="386"  hits="1" /></lines>
			</method>
			<method name="(anonymous_31)"  hits="0"  signature="()V" >
				<lines><line number="400"  hits="0" /></lines>
			</method>
			<method name="(anonymous_32)"  hits="43"  signature="()V" >
				<lines><line number="412"  hits="43" /></lines>
			</method>
			<method name="(anonymous_33)"  hits="18"  signature="()V" >
				<lines><line number="416"  hits="18" /></lines>
			</method>
			<method name="(anonymous_34)"  hits="18"  signature="()V" >
				<lines><line number="442"  hits="18" /></lines>
			</method>
			<method name="(anonymous_35)"  hits="1"  signature="()V" >
				<lines><line number="449"  hits="1" /></lines>
			</method>
			<method name="(anonymous_36)"  hits="1"  signature="()V" >
				<lines><line number="489"  hits="1" /></lines>
			</method>
			<method name="(anonymous_37)"  hits="1"  signature="()V" >
				<lines><line number="495"  hits="1" /></lines>
			</method>
			<method name="(anonymous_38)"  hits="1"  signature="()V" >
				<lines><line number="502"  hits="1" /></lines>
			</method>
			<method name="(anonymous_39)"  hits="2"  signature="()V" >
				<lines><line number="514"  hits="2" /></lines>
			</method>
			<method name="(anonymous_40)"  hits="0"  signature="()V" >
				<lines><line number="536"  hits="0" /></lines>
			</method>
			<method name="(anonymous_41)"  hits="0"  signature="()V" >
				<lines><line number="541"  hits="0" /></lines>
			</method>
			<method name="(anonymous_42)"  hits="0"  signature="()V" >
				<lines><line number="564"  hits="0" /></lines>
			</method>
			<method name="(anonymous_43)"  hits="0"  signature="()V" >
				<lines><line number="569"  hits="0" /></lines>
			</method>
			<method name="(anonymous_44)"  hits="0"  signature="()V" >
				<lines><line number="574"  hits="0" /></lines>
			</method>
			<method name="(anonymous_45)"  hits="0"  signature="()V" >
				<lines><line number="581"  hits="0" /></lines>
			</method>
		</methods>
		<lines>
			<line number="26"  hits="1"  branch="false" />
			<line number="31"  hits="1"  branch="false" />
			<line number="34"  hits="14"  branch="false" />
			<line number="35"  hits="14"  branch="false" />
			<line number="36"  hits="14"  branch="false" />
			<line number="37"  hits="14"  branch="false" />
			<line number="39"  hits="14"  branch="false" />
			<line number="40"  hits="14"  branch="false" />
			<line number="41"  hits="14"  branch="false" />
			<line number="42"  hits="14"  branch="false" />
			<line number="44"  hits="14"  branch="false" />
			<line number="51"  hits="14"  branch="false" />
			<line number="53"  hits="14"  branch="false" />
			<line number="54"  hits="14"  branch="false" />
			<line number="55"  hits="14"  branch="false" />
			<line number="56"  hits="14"  branch="false" />
			<line number="57"  hits="14"  branch="false" />
			<line number="58"  hits="14"  branch="false" />
			<line number="59"  hits="14"  branch="false" />
			<line number="60"  hits="14"  branch="false" />
			<line number="61"  hits="14"  branch="false" />
			<line number="62"  hits="14"  branch="false" />
			<line number="63"  hits="14"  branch="false" />
			<line number="64"  hits="14"  branch="true"  condition-coverage="50% (1/2)" />
			<line number="65"  hits="14"  branch="false" />
			<line number="68"  hits="14"  branch="false" />
			<line number="69"  hits="17"  branch="false" />
			<line number="70"  hits="2"  branch="true"  condition-coverage="100% (2/2)" />
			<line number="71"  hits="1"  branch="false" />
			<line number="73"  hits="2"  branch="false" />
			<line number="77"  hits="14"  branch="false" />
			<line number="78"  hits="1"  branch="false" />
			<line number="81"  hits="14"  branch="false" />
			<line number="82"  hits="1"  branch="false" />
			<line number="84"  hits="14"  branch="false" />
			<line number="85"  hits="1"  branch="false" />
			<line number="86"  hits="1"  branch="false" />
			<line number="90"  hits="14"  branch="false" />
			<line number="91"  hits="15"  branch="false" />
			<line number="93"  hits="15"  branch="true"  condition-coverage="50% (1/2)" />
			<line number="94"  hits="15"  branch="false" />
			<line number="98"  hits="14"  branch="false" />
			<line number="101"  hits="14"  branch="false" />
			<line number="102"  hits="1"  branch="false" />
			<line number="103"  hits="1"  branch="false" />
			<line number="104"  hits="1"  branch="false" />
			<line number="105"  hits="1"  branch="false" />
			<line number="106"  hits="1"  branch="false" />
			<line number="109"  hits="14"  branch="false" />
			<line number="110"  hits="1"  branch="false" />
			<line number="111"  hits="1"  branch="false" />
			<line number="112"  hits="1"  branch="true"  condition-coverage="50% (1/2)" />
			<line number="113"  hits="1"  branch="false" />
			<line number="114"  hits="1"  branch="false" />
			<line number="115"  hits="0"  branch="false" />
			<line number="116"  hits="0"  branch="false" />
			<line number="119"  hits="0"  branch="true"  condition-coverage="0% (0/2)" />
			<line number="120"  hits="0"  branch="false" />
			<line number="130"  hits="14"  branch="false" />
			<line number="131"  hits="6"  branch="false" />
			<line number="132"  hits="6"  branch="true"  condition-coverage="100% (2/2)" />
			<line number="133"  hits="5"  branch="false" />
			<line number="137"  hits="6"  branch="false" />
			<line number="140"  hits="4"  branch="false" />
			<line number="141"  hits="4"  branch="false" />
			<line number="142"  hits="4"  branch="false" />
			<line number="143"  hits="0"  branch="false" />
			<line number="144"  hits="0"  branch="true"  condition-coverage="0% (0/2)" />
			<line number="145"  hits="0"  branch="false" />
			<line number="146"  hits="0"  branch="false" />
			<line number="152"  hits="14"  branch="false" />
			<line number="153"  hits="6"  branch="false" />
			<line number="154"  hits="6"  branch="false" />
			<line number="155"  hits="6"  branch="false" />
			<line number="156"  hits="6"  branch="true"  condition-coverage="50% (1/2)" />
			<line number="157"  hits="0"  branch="false" />
			<line number="159"  hits="6"  branch="false" />
			<line number="161"  hits="6"  branch="true"  condition-coverage="50% (1/2)" />
			<line number="162"  hits="6"  branch="true"  condition-coverage="100% (2/2)" />
			<line number="163"  hits="1"  branch="false" />
			<line number="164"  hits="1"  branch="true"  condition-coverage="50% (1/2)" />
			<line number="165"  hits="0"  branch="false" />
			<line number="166"  hits="0"  branch="false" />
			<line number="167"  hits="0"  branch="false" />
			<line number="168"  hits="0"  branch="false" />
			<line number="169"  hits="0"  branch="false" />
			<line number="171"  hits="5"  branch="true"  condition-coverage="50% (1/2)" />
			<line number="172"  hits="5"  branch="false" />
			<line number="173"  hits="5"  branch="false" />
			<line number="174"  hits="5"  branch="false" />
			<line number="175"  hits="5"  branch="false" />
			<line number="176"  hits="5"  branch="false" />
			<line number="178"  hits="6"  branch="false" />
			<line number="180"  hits="0"  branch="false" />
			<line number="181"  hits="0"  branch="false" />
			<line number="182"  hits="0"  branch="false" />
			<line number="183"  hits="0"  branch="true"  condition-coverage="0% (0/2)" />
			<line number="184"  hits="0"  branch="false" />
			<line number="185"  hits="0"  branch="false" />
			<line number="187"  hits="0"  branch="false" />
			<line number="188"  hits="0"  branch="false" />
			<line number="190"  hits="0"  branch="true"  condition-coverage="0% (0/2)" />
			<line number="191"  hits="0"  branch="false" />
			<line number="192"  hits="0"  branch="false" />
			<line number="193"  hits="0"  branch="false" />
			<line number="198"  hits="14"  branch="false" />
			<line number="199"  hits="6"  branch="false" />
			<line number="200"  hits="6"  branch="false" />
			<line number="203"  hits="14"  branch="false" />
			<line number="204"  hits="6"  branch="false" />
			<line number="205"  hits="6"  branch="false" />
			<line number="208"  hits="14"  branch="false" />
			<line number="209"  hits="6"  branch="true"  condition-coverage="50% (1/2)" />
			<line number="210"  hits="0"  branch="false" />
			<line number="211"  hits="0"  branch="false" />
			<line number="213"  hits="6"  branch="true"  condition-coverage="75% (3/4)" />
			<line number="214"  hits="6"  branch="false" />
			<line number="217"  hits="6"  branch="false" />
			<line number="221"  hits="14"  branch="false" />
			<line number="222"  hits="6"  branch="true"  condition-coverage="50% (2/4)" />
			<line number="223"  hits="0"  branch="true"  condition-coverage="0% (0/4)" />
			<line number="224"  hits="0"  branch="false" />
			<line number="225"  hits="0"  branch="false" />
			<line number="226"  hits="0"  branch="false" />
			<line number="227"  hits="0"  branch="false" />
			<line number="233"  hits="14"  branch="false" />
			<line number="234"  hits="11"  branch="true"  condition-coverage="100% (2/2)" />
			<line number="235"  hits="4"  branch="false" />
			<line number="239"  hits="14"  branch="false" />
			<line number="240"  hits="6"  branch="true"  condition-coverage="50% (1/2)" />
			<line number="242"  hits="6"  branch="false" />
			<line number="246"  hits="14"  branch="false" />
			<line number="247"  hits="6"  branch="false" />
			<line number="248"  hits="6"  branch="true"  condition-coverage="50% (1/2)" />
			<line number="249"  hits="0"  branch="false" />
			<line number="251"  hits="6"  branch="false" />
			<line number="253"  hits="6"  branch="true"  condition-coverage="50% (1/2)" />
			<line number="254"  hits="6"  branch="true"  condition-coverage="100% (2/2)" />
			<line number="255"  hits="5"  branch="true"  condition-coverage="50% (1/2)" />
			<line number="256"  hits="5"  branch="false" />
			<line number="260"  hits="1"  branch="false" />
			<line number="263"  hits="0"  branch="true"  condition-coverage="0% (0/2)" />
			<line number="264"  hits="0"  branch="false" />
			<line number="271"  hits="14"  branch="false" />
			<line number="272"  hits="15"  branch="false" />
			<line number="273"  hits="15"  branch="true"  condition-coverage="50% (1/2)" />
			<line number="274"  hits="0"  branch="false" />
			<line number="276"  hits="15"  branch="false" />
			<line number="277"  hits="15"  branch="false" />
			<line number="279"  hits="15"  branch="true"  condition-coverage="100% (2/2)" />
			<line number="280"  hits="14"  branch="false" />
			<line number="282"  hits="1"  branch="false" />
			<line number="285"  hits="15"  branch="false" />
			<line number="286"  hits="15"  branch="false" />
			<line number="287"  hits="8"  branch="true"  condition-coverage="50% (1/2)" />
			<line number="288"  hits="8"  branch="true"  condition-coverage="50% (1/2)" />
			<line number="289"  hits="0"  branch="false" />
			<line number="290"  hits="0"  branch="false" />
			<line number="291"  hits="0"  branch="false" />
			<line number="292"  hits="0"  branch="false" />
			<line number="293"  hits="0"  branch="false" />
			<line number="294"  hits="0"  branch="true"  condition-coverage="0% (0/2)" />
			<line number="295"  hits="0"  branch="false" />
			<line number="298"  hits="8"  branch="false" />
			<line number="299"  hits="8"  branch="false" />
			<line number="300"  hits="8"  branch="false" />
			<line number="301"  hits="8"  branch="false" />
			<line number="302"  hits="8"  branch="false" />
			<line number="303"  hits="8"  branch="false" />
			<line number="305"  hits="8"  branch="true"  condition-coverage="50% (1/2)" />
			<line number="306"  hits="8"  branch="false" />
			<line number="309"  hits="8"  branch="false" />
			<line number="313"  hits="5"  branch="false" />
			<line number="314"  hits="5"  branch="false" />
			<line number="315"  hits="5"  branch="false" />
			<line number="318"  hits="8"  branch="false" />
			<line number="321"  hits="8"  branch="true"  condition-coverage="50% (1/2)" />
			<line number="322"  hits="0"  branch="false" />
			<line number="324"  hits="8"  branch="false" />
			<line number="325"  hits="8"  branch="false" />
			<line number="328"  hits="0"  branch="false" />
			<line number="329"  hits="0"  branch="false" />
			<line number="330"  hits="0"  branch="true"  condition-coverage="0% (0/2)" />
			<line number="331"  hits="0"  branch="false" />
			<line number="332"  hits="0"  branch="true"  condition-coverage="0% (0/2)" />
			<line number="333"  hits="0"  branch="false" />
			<line number="334"  hits="0"  branch="true"  condition-coverage="0% (0/2)" />
			<line number="335"  hits="0"  branch="false" />
			<line number="336"  hits="0"  branch="true"  condition-coverage="0% (0/2)" />
			<line number="337"  hits="0"  branch="false" />
			<line number="338"  hits="0"  branch="false" />
			<line number="339"  hits="0"  branch="false" />
			<line number="340"  hits="0"  branch="false" />
			<line number="341"  hits="0"  branch="false" />
			<line number="344"  hits="0"  branch="false" />
			<line number="345"  hits="0"  branch="false" />
			<line number="346"  hits="0"  branch="false" />
			<line number="347"  hits="0"  branch="false" />
			<line number="348"  hits="0"  branch="false" />
			<line number="352"  hits="0"  branch="true"  condition-coverage="0% (0/2)" />
			<line number="353"  hits="0"  branch="false" />
			<line number="356"  hits="0"  branch="false" />
			<line number="357"  hits="0"  branch="true"  condition-coverage="0% (0/2)" />
			<line number="358"  hits="0"  branch="true"  condition-coverage="0% (0/9)" />
			<line number="359"  hits="0"  branch="false" />
			<line number="361"  hits="0"  branch="true"  condition-coverage="0% (0/5)" />
			<line number="362"  hits="0"  branch="false" />
			<line number="363"  hits="0"  branch="false" />
			<line number="364"  hits="0"  branch="false" />
			<line number="365"  hits="0"  branch="false" />
			<line number="376"  hits="14"  branch="false" />
			<line number="377"  hits="1"  branch="false" />
			<line number="378"  hits="0"  branch="false" />
			<line number="381"  hits="1"  branch="false" />
			<line number="383"  hits="1"  branch="false" />
			<line number="384"  hits="1"  branch="false" />
			<line number="385"  hits="1"  branch="true"  condition-coverage="50% (1/2)" />
			<line number="386"  hits="1"  branch="false" />
			<line number="387"  hits="1"  branch="false" />
			<line number="388"  hits="1"  branch="false" />
			<line number="389"  hits="1"  branch="false" />
			<line number="390"  hits="1"  branch="false" />
			<line number="391"  hits="1"  branch="false" />
			<line number="392"  hits="1"  branch="false" />
			<line number="393"  hits="1"  branch="false" />
			<line number="394"  hits="1"  branch="false" />
			<line number="396"  hits="1"  branch="true"  condition-coverage="50% (1/2)" />
			<line number="397"  hits="0"  branch="false" />
			<line number="399"  hits="1"  branch="true"  condition-coverage="50% (1/2)" />
			<line number="400"  hits="0"  branch="false" />
			<line number="401"  hits="0"  branch="false" />
			<line number="404"  hits="1"  branch="false" />
			<line number="412"  hits="14"  branch="false" />
			<line number="414"  hits="43"  branch="false" />
			<line number="418"  hits="18"  branch="true"  condition-coverage="75% (3/4)" />
			<line number="419"  hits="0"  branch="false" />
			<line number="420"  hits="0"  branch="true"  condition-coverage="0% (0/4)" />
			<line number="421"  hits="0"  branch="false" />
			<line number="422"  hits="0"  branch="true"  condition-coverage="0% (0/5)" />
			<line number="423"  hits="0"  branch="false" />
			<line number="424"  hits="0"  branch="false" />
			<line number="430"  hits="18"  branch="false" />
			<line number="433"  hits="43"  branch="false" />
			<line number="434"  hits="43"  branch="true"  condition-coverage="100% (2/2)" />
			<line number="435"  hits="40"  branch="false" />
			<line number="439"  hits="43"  branch="false" />
			<line number="443"  hits="18"  branch="false" />
			<line number="444"  hits="18"  branch="false" />
			<line number="449"  hits="14"  branch="false" />
			<line number="452"  hits="1"  branch="false" />
			<line number="453"  hits="1"  branch="false" />
			<line number="454"  hits="1"  branch="true"  condition-coverage="50% (2/4)" />
			<line number="455"  hits="0"  branch="false" />
			<line number="459"  hits="1"  branch="false" />
			<line number="464"  hits="1"  branch="false" />
			<line number="469"  hits="1"  branch="true"  condition-coverage="75% (3/4)" />
			<line number="470"  hits="0"  branch="false" />
			<line number="472"  hits="1"  branch="false" />
			<line number="473"  hits="1"  branch="false" />
			<line number="477"  hits="1"  branch="false" />
			<line number="479"  hits="1"  branch="false" />
			<line number="480"  hits="1"  branch="true"  condition-coverage="50% (1/2)" />
			<line number="481"  hits="1"  branch="false" />
			<line number="486"  hits="1"  branch="false" />
			<line number="490"  hits="1"  branch="false" />
			<line number="491"  hits="1"  branch="false" />
			<line number="494"  hits="1"  branch="false" />
			<line number="497"  hits="1"  branch="false" />
			<line number="498"  hits="1"  branch="false" />
			<line number="499"  hits="1"  branch="false" />
			<line number="500"  hits="1"  branch="false" />
			<line number="503"  hits="1"  branch="false" />
			<line number="504"  hits="1"  branch="false" />
			<line number="505"  hits="1"  branch="true"  condition-coverage="50% (1/2)" />
			<line number="506"  hits="0"  branch="true"  condition-coverage="0% (0/2)" />
			<line number="507"  hits="0"  branch="false" />
			<line number="514"  hits="14"  branch="false" />
			<line number="515"  hits="2"  branch="false" />
			<line number="516"  hits="2"  branch="false" />
			<line number="517"  hits="2"  branch="true"  condition-coverage="75% (3/4)" />
			<line number="518"  hits="2"  branch="false" />
			<line number="519"  hits="2"  branch="false" />
			<line number="520"  hits="2"  branch="false" />
			<line number="521"  hits="2"  branch="true"  condition-coverage="80% (4/5)" />
			<line number="522"  hits="2"  branch="false" />
			<line number="523"  hits="2"  branch="true"  condition-coverage="50% (1/2)" />
			<line number="524"  hits="2"  branch="false" />
			<line number="526"  hits="0"  branch="false" />
			<line number="528"  hits="2"  branch="false" />
			<line number="532"  hits="0"  branch="false" />
			<line number="536"  hits="14"  branch="false" />
			<line number="537"  hits="0"  branch="false" />
			<line number="540"  hits="0"  branch="false" />
			<line number="542"  hits="0"  branch="false" />
			<line number="543"  hits="0"  branch="true"  condition-coverage="0% (0/2)" />
			<line number="544"  hits="0"  branch="false" />
			<line number="545"  hits="0"  branch="false" />
			<line number="552"  hits="0"  branch="false" />
			<line number="553"  hits="0"  branch="false" />
			<line number="563"  hits="14"  branch="false" />
			<line number="564"  hits="14"  branch="false" />
			<line number="565"  hits="0"  branch="false" />
			<line number="568"  hits="0"  branch="false" />
			<line number="570"  hits="0"  branch="false" />
			<line number="571"  hits="0"  branch="false" />
			<line number="572"  hits="0"  branch="false" />
			<line number="575"  hits="0"  branch="false" />
			<line number="581"  hits="14"  branch="false" />
			<line number="582"  hits="0"  branch="false" />
			<line number="585"  hits="14"  branch="false" />
			<line number="587"  hits="14"  branch="false" />
			<line number="589"  hits="14"  branch="false" />
		</lines>
		</class>
	</classes>
	</package>
	<package name="scripts.controllers.index"  line-rate="0.21739999999999998"  branch-rate="0" >
	<classes>
		<class name="main.js"  filename="./app/scripts/controllers/index/main.js"  line-rate="0.21739999999999998"  branch-rate="0" >
		<methods>
			<method name="(anonymous_1)"  hits="1"  signature="()V" >
				<lines><line number="28"  hits="1" /></lines>
			</method>
			<method name="(anonymous_2)"  hits="1"  signature="()V" >
				<lines><line number="29"  hits="1" /></lines>
			</method>
			<method name="(anonymous_3)"  hits="0"  signature="()V" >
				<lines><line number="31"  hits="0" /></lines>
			</method>
		</methods>
		<lines>
			<line number="26"  hits="1"  branch="false" />
			<line number="28"  hits="1"  branch="false" />
			<line number="29"  hits="1"  branch="false" />
			<line number="30"  hits="1"  branch="false" />
			<line number="31"  hits="1"  branch="false" />
			<line number="32"  hits="0"  branch="true"  condition-coverage="0% (0/2)" />
			<line number="33"  hits="0"  branch="true"  condition-coverage="0% (0/2)" />
			<line number="34"  hits="0"  branch="false" />
			<line number="35"  hits="0"  branch="false" />
			<line number="36"  hits="0"  branch="false" />
			<line number="37"  hits="0"  branch="false" />
			<line number="38"  hits="0"  branch="false" />
			<line number="39"  hits="0"  branch="true"  condition-coverage="0% (0/2)" />
			<line number="40"  hits="0"  branch="false" />
			<line number="43"  hits="0"  branch="false" />
			<line number="44"  hits="0"  branch="false" />
			<line number="45"  hits="0"  branch="false" />
			<line number="48"  hits="0"  branch="false" />
			<line number="49"  hits="0"  branch="false" />
			<line number="50"  hits="0"  branch="true"  condition-coverage="0% (0/2)" />
			<line number="51"  hits="0"  branch="false" />
			<line number="53"  hits="0"  branch="true"  condition-coverage="0% (0/4)" />
			<line number="54"  hits="0"  branch="false" />
		</lines>
		</class>
	</classes>
	</package>
	<package name="scripts.controllers.listDocument"  line-rate="0.7802"  branch-rate="0.5302" >
	<classes>
		<class name="listDocument.js"  filename="./app/scripts/controllers/listDocument/listDocument.js"  line-rate="0.7802"  branch-rate="0.5302" >
		<methods>
			<method name="(anonymous_1)"  hits="23"  signature="()V" >
				<lines><line number="29"  hits="23" /></lines>
			</method>
			<method name="(anonymous_2)"  hits="0"  signature="()V" >
				<lines><line number="70"  hits="0" /></lines>
			</method>
			<method name="(anonymous_3)"  hits="0"  signature="()V" >
				<lines><line number="78"  hits="0" /></lines>
			</method>
			<method name="(anonymous_4)"  hits="1"  signature="()V" >
				<lines><line number="83"  hits="1" /></lines>
			</method>
			<method name="(anonymous_5)"  hits="2"  signature="()V" >
				<lines><line number="88"  hits="2" /></lines>
			</method>
			<method name="(anonymous_6)"  hits="1"  signature="()V" >
				<lines><line number="99"  hits="1" /></lines>
			</method>
			<method name="(anonymous_7)"  hits="3"  signature="()V" >
				<lines><line number="187"  hits="3" /></lines>
			</method>
			<method name="(anonymous_8)"  hits="1"  signature="()V" >
				<lines><line number="205"  hits="1" /></lines>
			</method>
			<method name="(anonymous_9)"  hits="1"  signature="()V" >
				<lines><line number="216"  hits="1" /></lines>
			</method>
			<method name="(anonymous_10)"  hits="1"  signature="()V" >
				<lines><line number="227"  hits="1" /></lines>
			</method>
			<method name="(anonymous_11)"  hits="1"  signature="()V" >
				<lines><line number="232"  hits="1" /></lines>
			</method>
			<method name="(anonymous_12)"  hits="1"  signature="()V" >
				<lines><line number="242"  hits="1" /></lines>
			</method>
			<method name="(anonymous_13)"  hits="1"  signature="()V" >
				<lines><line number="252"  hits="1" /></lines>
			</method>
			<method name="(anonymous_14)"  hits="1"  signature="()V" >
				<lines><line number="287"  hits="1" /></lines>
			</method>
			<method name="(anonymous_15)"  hits="3"  signature="()V" >
				<lines><line number="303"  hits="3" /></lines>
			</method>
			<method name="(anonymous_16)"  hits="1"  signature="()V" >
				<lines><line number="347"  hits="1" /></lines>
			</method>
			<method name="(anonymous_17)"  hits="2"  signature="()V" >
				<lines><line number="359"  hits="2" /></lines>
			</method>
			<method name="(anonymous_18)"  hits="1"  signature="()V" >
				<lines><line number="371"  hits="1" /></lines>
			</method>
			<method name="(anonymous_19)"  hits="1"  signature="()V" >
				<lines><line number="375"  hits="1" /></lines>
			</method>
			<method name="(anonymous_20)"  hits="1"  signature="()V" >
				<lines><line number="381"  hits="1" /></lines>
			</method>
			<method name="(anonymous_21)"  hits="1"  signature="()V" >
				<lines><line number="384"  hits="1" /></lines>
			</method>
			<method name="(anonymous_22)"  hits="1"  signature="()V" >
				<lines><line number="387"  hits="1" /></lines>
			</method>
			<method name="(anonymous_23)"  hits="1"  signature="()V" >
				<lines><line number="395"  hits="1" /></lines>
			</method>
			<method name="(anonymous_24)"  hits="1"  signature="()V" >
				<lines><line number="411"  hits="1" /></lines>
			</method>
			<method name="(anonymous_25)"  hits="3"  signature="()V" >
				<lines><line number="420"  hits="3" /></lines>
			</method>
			<method name="(anonymous_26)"  hits="2"  signature="()V" >
				<lines><line number="435"  hits="2" /></lines>
			</method>
			<method name="(anonymous_27)"  hits="0"  signature="()V" >
				<lines><line number="460"  hits="0" /></lines>
			</method>
			<method name="(anonymous_28)"  hits="1"  signature="()V" >
				<lines><line number="478"  hits="1" /></lines>
			</method>
			<method name="(anonymous_29)"  hits="1"  signature="()V" >
				<lines><line number="481"  hits="1" /></lines>
			</method>
			<method name="(anonymous_30)"  hits="1"  signature="()V" >
				<lines><line number="507"  hits="1" /></lines>
			</method>
			<method name="(anonymous_31)"  hits="0"  signature="()V" >
				<lines><line number="513"  hits="0" /></lines>
			</method>
			<method name="(anonymous_32)"  hits="1"  signature="()V" >
				<lines><line number="518"  hits="1" /></lines>
			</method>
			<method name="(anonymous_33)"  hits="4"  signature="()V" >
				<lines><line number="523"  hits="4" /></lines>
			</method>
			<method name="(anonymous_34)"  hits="1"  signature="()V" >
				<lines><line number="531"  hits="1" /></lines>
			</method>
			<method name="(anonymous_35)"  hits="1"  signature="()V" >
				<lines><line number="545"  hits="1" /></lines>
			</method>
			<method name="(anonymous_36)"  hits="1"  signature="()V" >
				<lines><line number="568"  hits="1" /></lines>
			</method>
			<method name="(anonymous_37)"  hits="1"  signature="()V" >
				<lines><line number="587"  hits="1" /></lines>
			</method>
			<method name="(anonymous_38)"  hits="1"  signature="()V" >
				<lines><line number="620"  hits="1" /></lines>
			</method>
			<method name="(anonymous_39)"  hits="1"  signature="()V" >
				<lines><line number="626"  hits="1" /></lines>
			</method>
			<method name="(anonymous_40)"  hits="1"  signature="()V" >
				<lines><line number="629"  hits="1" /></lines>
			</method>
			<method name="(anonymous_41)"  hits="1"  signature="()V" >
				<lines><line number="631"  hits="1" /></lines>
			</method>
			<method name="(anonymous_42)"  hits="1"  signature="()V" >
				<lines><line number="656"  hits="1" /></lines>
			</method>
			<method name="(anonymous_43)"  hits="1"  signature="()V" >
				<lines><line number="669"  hits="1" /></lines>
			</method>
			<method name="(anonymous_44)"  hits="1"  signature="()V" >
				<lines><line number="684"  hits="1" /></lines>
			</method>
			<method name="(anonymous_45)"  hits="1"  signature="()V" >
				<lines><line number="692"  hits="1" /></lines>
			</method>
			<method name="(anonymous_46)"  hits="2"  signature="()V" >
				<lines><line number="697"  hits="2" /></lines>
			</method>
			<method name="(anonymous_47)"  hits="2"  signature="()V" >
				<lines><line number="706"  hits="2" /></lines>
			</method>
			<method name="(anonymous_48)"  hits="2"  signature="()V" >
				<lines><line number="713"  hits="2" /></lines>
			</method>
			<method name="(anonymous_49)"  hits="0"  signature="()V" >
				<lines><line number="717"  hits="0" /></lines>
			</method>
			<method name="(anonymous_50)"  hits="1"  signature="()V" >
				<lines><line number="722"  hits="1" /></lines>
			</method>
			<method name="(anonymous_51)"  hits="1"  signature="()V" >
				<lines><line number="730"  hits="1" /></lines>
			</method>
			<method name="(anonymous_52)"  hits="2"  signature="()V" >
				<lines><line number="753"  hits="2" /></lines>
			</method>
			<method name="(anonymous_53)"  hits="1"  signature="()V" >
				<lines><line number="760"  hits="1" /></lines>
			</method>
			<method name="(anonymous_54)"  hits="1"  signature="()V" >
				<lines><line number="774"  hits="1" /></lines>
			</method>
			<method name="(anonymous_55)"  hits="1"  signature="()V" >
				<lines><line number="787"  hits="1" /></lines>
			</method>
			<method name="(anonymous_56)"  hits="1"  signature="()V" >
				<lines><line number="796"  hits="1" /></lines>
			</method>
			<method name="(anonymous_57)"  hits="1"  signature="()V" >
				<lines><line number="843"  hits="1" /></lines>
			</method>
			<method name="(anonymous_58)"  hits="1"  signature="()V" >
				<lines><line number="876"  hits="1" /></lines>
			</method>
			<method name="(anonymous_59)"  hits="1"  signature="()V" >
				<lines><line number="880"  hits="1" /></lines>
			</method>
			<method name="(anonymous_60)"  hits="1"  signature="()V" >
				<lines><line number="901"  hits="1" /></lines>
			</method>
			<method name="(anonymous_61)"  hits="1"  signature="()V" >
				<lines><line number="908"  hits="1" /></lines>
			</method>
			<method name="(anonymous_62)"  hits="1"  signature="()V" >
				<lines><line number="940"  hits="1" /></lines>
			</method>
			<method name="(anonymous_63)"  hits="1"  signature="()V" >
				<lines><line number="942"  hits="1" /></lines>
			</method>
			<method name="(anonymous_64)"  hits="1"  signature="()V" >
				<lines><line number="947"  hits="1" /></lines>
			</method>
			<method name="(anonymous_65)"  hits="0"  signature="()V" >
				<lines><line number="952"  hits="0" /></lines>
			</method>
		</methods>
		<lines>
			<line number="25"  hits="1"  branch="false" />
			<line number="29"  hits="1"  branch="false" />
			<line number="30"  hits="23"  branch="false" />
			<line number="31"  hits="23"  branch="false" />
			<line number="32"  hits="23"  branch="false" />
			<line number="33"  hits="23"  branch="false" />
			<line number="34"  hits="23"  branch="false" />
			<line number="35"  hits="23"  branch="false" />
			<line number="36"  hits="23"  branch="false" />
			<line number="37"  hits="23"  branch="false" />
			<line number="39"  hits="23"  branch="false" />
			<line number="40"  hits="23"  branch="false" />
			<line number="41"  hits="23"  branch="false" />
			<line number="42"  hits="23"  branch="false" />
			<line number="43"  hits="23"  branch="false" />
			<line number="44"  hits="23"  branch="false" />
			<line number="45"  hits="23"  branch="false" />
			<line number="46"  hits="23"  branch="false" />
			<line number="47"  hits="23"  branch="false" />
			<line number="48"  hits="23"  branch="false" />
			<line number="49"  hits="23"  branch="false" />
			<line number="50"  hits="23"  branch="false" />
			<line number="51"  hits="23"  branch="false" />
			<line number="52"  hits="23"  branch="false" />
			<line number="53"  hits="23"  branch="false" />
			<line number="54"  hits="23"  branch="false" />
			<line number="55"  hits="23"  branch="false" />
			<line number="56"  hits="23"  branch="false" />
			<line number="57"  hits="23"  branch="false" />
			<line number="58"  hits="23"  branch="false" />
			<line number="59"  hits="23"  branch="false" />
			<line number="60"  hits="23"  branch="false" />
			<line number="61"  hits="23"  branch="false" />
			<line number="62"  hits="23"  branch="true"  condition-coverage="50% (1/2)" />
			<line number="63"  hits="23"  branch="false" />
			<line number="68"  hits="23"  branch="false" />
			<line number="69"  hits="23"  branch="false" />
			<line number="70"  hits="23"  branch="false" />
			<line number="71"  hits="0"  branch="true"  condition-coverage="0% (0/2)" />
			<line number="72"  hits="0"  branch="false" />
			<line number="73"  hits="0"  branch="false" />
			<line number="77"  hits="23"  branch="true"  condition-coverage="50% (1/2)" />
			<line number="78"  hits="0"  branch="false" />
			<line number="83"  hits="23"  branch="false" />
			<line number="84"  hits="1"  branch="false" />
			<line number="85"  hits="1"  branch="false" />
			<line number="88"  hits="23"  branch="false" />
			<line number="89"  hits="2"  branch="true"  condition-coverage="50% (1/2)" />
			<line number="90"  hits="0"  branch="false" />
			<line number="91"  hits="0"  branch="false" />
			<line number="93"  hits="2"  branch="true"  condition-coverage="50% (1/2)" />
			<line number="94"  hits="0"  branch="false" />
			<line number="96"  hits="2"  branch="true"  condition-coverage="100% (2/2)" />
			<line number="97"  hits="1"  branch="true"  condition-coverage="50% (1/2)" />
			<line number="98"  hits="1"  branch="false" />
			<line number="99"  hits="1"  branch="false" />
			<line number="100"  hits="1"  branch="true"  condition-coverage="50% (1/2)" />
			<line number="101"  hits="1"  branch="true"  condition-coverage="50% (1/2)" />
			<line number="102"  hits="0"  branch="false" />
			<line number="103"  hits="0"  branch="false" />
			<line number="104"  hits="0"  branch="false" />
			<line number="105"  hits="0"  branch="false" />
			<line number="106"  hits="0"  branch="true"  condition-coverage="0% (0/2)" />
			<line number="107"  hits="0"  branch="false" />
			<line number="109"  hits="0"  branch="true"  condition-coverage="0% (0/2)" />
			<line number="110"  hits="0"  branch="false" />
			<line number="113"  hits="1"  branch="false" />
			<line number="114"  hits="1"  branch="false" />
			<line number="115"  hits="1"  branch="false" />
			<line number="116"  hits="1"  branch="true"  condition-coverage="50% (1/2)" />
			<line number="117"  hits="0"  branch="false" />
			<line number="119"  hits="1"  branch="true"  condition-coverage="50% (1/2)" />
			<line number="120"  hits="1"  branch="false" />
			<line number="121"  hits="1"  branch="false" />
			<line number="122"  hits="1"  branch="false" />
			<line number="123"  hits="1"  branch="false" />
			<line number="124"  hits="1"  branch="false" />
			<line number="125"  hits="1"  branch="false" />
			<line number="126"  hits="1"  branch="false" />
			<line number="127"  hits="1"  branch="false" />
			<line number="128"  hits="15"  branch="false" />
			<line number="129"  hits="15"  branch="true"  condition-coverage="50% (1/2)" />
			<line number="130"  hits="0"  branch="false" />
			<line number="131"  hits="0"  branch="false" />
			<line number="132"  hits="0"  branch="false" />
			<line number="135"  hits="1"  branch="false" />
			<line number="136"  hits="8"  branch="false" />
			<line number="137"  hits="8"  branch="true"  condition-coverage="50% (1/2)" />
			<line number="138"  hits="8"  branch="false" />
			<line number="141"  hits="1"  branch="false" />
			<line number="142"  hits="1"  branch="true"  condition-coverage="50% (1/2)" />
			<line number="143"  hits="0"  branch="false" />
			<line number="145"  hits="1"  branch="false" />
			<line number="146"  hits="1"  branch="true"  condition-coverage="50% (1/2)" />
			<line number="147"  hits="1"  branch="false" />
			<line number="153"  hits="0"  branch="false" />
			<line number="157"  hits="0"  branch="false" />
			<line number="161"  hits="0"  branch="false" />
			<line number="164"  hits="1"  branch="false" />
			<line number="165"  hits="1"  branch="false" />
			<line number="166"  hits="1"  branch="false" />
			<line number="167"  hits="1"  branch="false" />
			<line number="169"  hits="1"  branch="false" />
			<line number="170"  hits="30"  branch="false" />
			<line number="171"  hits="30"  branch="true"  condition-coverage="50% (1/2)" />
			<line number="172"  hits="0"  branch="false" />
			<line number="173"  hits="0"  branch="false" />
			<line number="176"  hits="1"  branch="false" />
			<line number="177"  hits="15"  branch="false" />
			<line number="178"  hits="15"  branch="true"  condition-coverage="50% (1/2)" />
			<line number="179"  hits="15"  branch="false" />
			<line number="182"  hits="1"  branch="false" />
			<line number="187"  hits="23"  branch="false" />
			<line number="188"  hits="3"  branch="false" />
			<line number="189"  hits="3"  branch="false" />
			<line number="190"  hits="3"  branch="true"  condition-coverage="50% (1/2)" />
			<line number="191"  hits="3"  branch="false" />
			<line number="192"  hits="3"  branch="true"  condition-coverage="50% (1/2)" />
			<line number="193"  hits="0"  branch="true"  condition-coverage="0% (0/2)" />
			<line number="194"  hits="0"  branch="false" />
			<line number="195"  hits="0"  branch="true"  condition-coverage="0% (0/2)" />
			<line number="196"  hits="0"  branch="false" />
			<line number="197"  hits="0"  branch="false" />
			<line number="198"  hits="0"  branch="false" />
			<line number="200"  hits="0"  branch="false" />
			<line number="205"  hits="23"  branch="false" />
			<line number="206"  hits="1"  branch="false" />
			<line number="207"  hits="1"  branch="true"  condition-coverage="50% (1/2)" />
			<line number="208"  hits="0"  branch="false" />
			<line number="209"  hits="0"  branch="false" />
			<line number="210"  hits="0"  branch="false" />
			<line number="211"  hits="0"  branch="false" />
			<line number="213"  hits="1"  branch="false" />
			<line number="216"  hits="23"  branch="false" />
			<line number="217"  hits="1"  branch="false" />
			<line number="218"  hits="1"  branch="true"  condition-coverage="50% (1/2)" />
			<line number="219"  hits="0"  branch="false" />
			<line number="221"  hits="1"  branch="false" />
			<line number="222"  hits="1"  branch="false" />
			<line number="223"  hits="1"  branch="false" />
			<line number="224"  hits="1"  branch="false" />
			<line number="225"  hits="1"  branch="true"  condition-coverage="50% (1/2)" />
			<line number="226"  hits="1"  branch="false" />
			<line number="227"  hits="1"  branch="false" />
			<line number="228"  hits="1"  branch="false" />
			<line number="229"  hits="1"  branch="false" />
			<line number="230"  hits="1"  branch="false" />
			<line number="231"  hits="1"  branch="false" />
			<line number="232"  hits="1"  branch="false" />
			<line number="233"  hits="1"  branch="false" />
			<line number="234"  hits="1"  branch="true"  condition-coverage="50% (1/2)" />
			<line number="235"  hits="0"  branch="false" />
			<line number="237"  hits="1"  branch="false" />
			<line number="239"  hits="1"  branch="false" />
			<line number="241"  hits="1"  branch="false" />
			<line number="242"  hits="1"  branch="false" />
			<line number="243"  hits="1"  branch="false" />
			<line number="244"  hits="1"  branch="false" />
			<line number="245"  hits="1"  branch="true"  condition-coverage="75% (3/4)" />
			<line number="246"  hits="1"  branch="false" />
			<line number="247"  hits="1"  branch="false" />
			<line number="250"  hits="1"  branch="true"  condition-coverage="50% (1/2)" />
			<line number="251"  hits="1"  branch="false" />
			<line number="252"  hits="1"  branch="false" />
			<line number="253"  hits="1"  branch="false" />
			<line number="255"  hits="1"  branch="false" />
			<line number="256"  hits="1"  branch="false" />
			<line number="257"  hits="1"  branch="false" />
			<line number="258"  hits="1"  branch="false" />
			<line number="259"  hits="1"  branch="false" />
			<line number="260"  hits="1"  branch="false" />
			<line number="262"  hits="1"  branch="false" />
			<line number="263"  hits="1"  branch="true"  condition-coverage="50% (1/2)" />
			<line number="264"  hits="0"  branch="false" />
			<line number="268"  hits="0"  branch="false" />
			<line number="270"  hits="0"  branch="false" />
			<line number="271"  hits="0"  branch="false" />
			<line number="272"  hits="0"  branch="false" />
			<line number="273"  hits="0"  branch="false" />
			<line number="274"  hits="0"  branch="false" />
			<line number="275"  hits="0"  branch="true"  condition-coverage="0% (0/2)" />
			<line number="276"  hits="0"  branch="false" />
			<line number="287"  hits="23"  branch="false" />
			<line number="288"  hits="1"  branch="false" />
			<line number="289"  hits="1"  branch="false" />
			<line number="290"  hits="1"  branch="false" />
			<line number="291"  hits="1"  branch="false" />
			<line number="292"  hits="1"  branch="false" />
			<line number="293"  hits="1"  branch="false" />
			<line number="294"  hits="1"  branch="false" />
			<line number="295"  hits="1"  branch="false" />
			<line number="296"  hits="1"  branch="false" />
			<line number="297"  hits="1"  branch="true"  condition-coverage="50% (1/2)" />
			<line number="298"  hits="1"  branch="false" />
			<line number="303"  hits="23"  branch="false" />
			<line number="304"  hits="3"  branch="true"  condition-coverage="100% (2/2)" />
			<line number="305"  hits="2"  branch="true"  condition-coverage="50% (1/2)" />
			<line number="306"  hits="0"  branch="false" />
			<line number="308"  hits="2"  branch="true"  condition-coverage="75% (3/4)" />
			<line number="309"  hits="0"  branch="false" />
			<line number="312"  hits="0"  branch="false" />
			<line number="313"  hits="0"  branch="false" />
			<line number="315"  hits="0"  branch="false" />
			<line number="317"  hits="2"  branch="false" />
			<line number="318"  hits="2"  branch="false" />
			<line number="319"  hits="2"  branch="false" />
			<line number="320"  hits="3"  branch="true"  condition-coverage="100% (2/2)" />
			<line number="321"  hits="1"  branch="false" />
			<line number="322"  hits="1"  branch="false" />
			<line number="325"  hits="2"  branch="true"  condition-coverage="100% (2/2)" />
			<line number="326"  hits="1"  branch="false" />
			<line number="327"  hits="1"  branch="false" />
			<line number="330"  hits="1"  branch="false" />
			<line number="331"  hits="1"  branch="false" />
			<line number="333"  hits="1"  branch="false" />
			<line number="334"  hits="1"  branch="false" />
			<line number="335"  hits="1"  branch="false" />
			<line number="339"  hits="1"  branch="false" />
			<line number="341"  hits="1"  branch="false" />
			<line number="342"  hits="1"  branch="false" />
			<line number="347"  hits="23"  branch="false" />
			<line number="348"  hits="1"  branch="false" />
			<line number="349"  hits="1"  branch="true"  condition-coverage="75% (3/4)" />
			<line number="350"  hits="1"  branch="true"  condition-coverage="75% (3/4)" />
			<line number="351"  hits="1"  branch="false" />
			<line number="352"  hits="1"  branch="false" />
			<line number="354"  hits="0"  branch="false" />
			<line number="359"  hits="23"  branch="false" />
			<line number="360"  hits="2"  branch="false" />
			<line number="361"  hits="2"  branch="false" />
			<line number="362"  hits="2"  branch="false" />
			<line number="363"  hits="2"  branch="false" />
			<line number="364"  hits="2"  branch="false" />
			<line number="365"  hits="2"  branch="false" />
			<line number="366"  hits="2"  branch="false" />
			<line number="367"  hits="2"  branch="false" />
			<line number="368"  hits="2"  branch="false" />
			<line number="369"  hits="2"  branch="false" />
			<line number="370"  hits="2"  branch="false" />
			<line number="371"  hits="2"  branch="false" />
			<line number="372"  hits="1"  branch="false" />
			<line number="373"  hits="1"  branch="false" />
			<line number="374"  hits="1"  branch="false" />
			<line number="375"  hits="1"  branch="false" />
			<line number="376"  hits="1"  branch="false" />
			<line number="377"  hits="1"  branch="false" />
			<line number="378"  hits="1"  branch="false" />
			<line number="379"  hits="1"  branch="false" />
			<line number="380"  hits="1"  branch="false" />
			<line number="381"  hits="1"  branch="false" />
			<line number="382"  hits="1"  branch="false" />
			<line number="383"  hits="1"  branch="false" />
			<line number="384"  hits="1"  branch="false" />
			<line number="385"  hits="1"  branch="false" />
			<line number="386"  hits="1"  branch="false" />
			<line number="387"  hits="1"  branch="false" />
			<line number="388"  hits="1"  branch="false" />
			<line number="389"  hits="1"  branch="false" />
			<line number="390"  hits="1"  branch="false" />
			<line number="391"  hits="1"  branch="false" />
			<line number="392"  hits="1"  branch="false" />
			<line number="393"  hits="1"  branch="false" />
			<line number="394"  hits="1"  branch="false" />
			<line number="395"  hits="1"  branch="false" />
			<line number="396"  hits="1"  branch="false" />
			<line number="397"  hits="1"  branch="false" />
			<line number="398"  hits="1"  branch="false" />
			<line number="399"  hits="1"  branch="true"  condition-coverage="50% (1/2)" />
			<line number="400"  hits="0"  branch="false" />
			<line number="411"  hits="23"  branch="false" />
			<line number="412"  hits="1"  branch="true"  condition-coverage="50% (1/2)" />
			<line number="413"  hits="1"  branch="true"  condition-coverage="50% (2/4)" />
			<line number="414"  hits="1"  branch="false" />
			<line number="417"  hits="0"  branch="false" />
			<line number="420"  hits="23"  branch="false" />
			<line number="421"  hits="3"  branch="true"  condition-coverage="100% (5/5)" />
			<line number="422"  hits="1"  branch="false" />
			<line number="423"  hits="1"  branch="false" />
			<line number="425"  hits="2"  branch="true"  condition-coverage="80% (4/5)" />
			<line number="426"  hits="0"  branch="false" />
			<line number="427"  hits="0"  branch="false" />
			<line number="429"  hits="2"  branch="true"  condition-coverage="50% (1/2)" />
			<line number="430"  hits="0"  branch="false" />
			<line number="431"  hits="0"  branch="false" />
			<line number="433"  hits="2"  branch="false" />
			<line number="434"  hits="2"  branch="false" />
			<line number="435"  hits="2"  branch="false" />
			<line number="436"  hits="2"  branch="false" />
			<line number="437"  hits="2"  branch="true"  condition-coverage="50% (2/4)" />
			<line number="438"  hits="0"  branch="false" />
			<line number="439"  hits="0"  branch="false" />
			<line number="440"  hits="0"  branch="false" />
			<line number="443"  hits="2"  branch="true"  condition-coverage="50% (1/2)" />
			<line number="444"  hits="0"  branch="false" />
			<line number="446"  hits="2"  branch="true"  condition-coverage="100% (7/7)" />
			<line number="447"  hits="1"  branch="false" />
			<line number="448"  hits="1"  branch="false" />
			<line number="450"  hits="1"  branch="true"  condition-coverage="75% (3/4)" />
			<line number="451"  hits="0"  branch="false" />
			<line number="452"  hits="0"  branch="false" />
			<line number="454"  hits="1"  branch="false" />
			<line number="455"  hits="1"  branch="false" />
			<line number="460"  hits="23"  branch="false" />
			<line number="461"  hits="0"  branch="true"  condition-coverage="0% (0/2)" />
			<line number="462"  hits="0"  branch="true"  condition-coverage="0% (0/2)" />
			<line number="463"  hits="0"  branch="false" />
			<line number="465"  hits="0"  branch="false" />
			<line number="466"  hits="0"  branch="false" />
			<line number="467"  hits="0"  branch="true"  condition-coverage="0% (0/2)" />
			<line number="468"  hits="0"  branch="false" />
			<line number="471"  hits="0"  branch="false" />
			<line number="472"  hits="0"  branch="false" />
			<line number="473"  hits="0"  branch="false" />
			<line number="474"  hits="0"  branch="false" />
			<line number="478"  hits="23"  branch="false" />
			<line number="479"  hits="1"  branch="false" />
			<line number="480"  hits="1"  branch="false" />
			<line number="481"  hits="1"  branch="false" />
			<line number="482"  hits="1"  branch="false" />
			<line number="483"  hits="1"  branch="true"  condition-coverage="50% (3/6)" />
			<line number="484"  hits="0"  branch="true"  condition-coverage="0% (0/4)" />
			<line number="485"  hits="0"  branch="false" />
			<line number="486"  hits="0"  branch="false" />
			<line number="487"  hits="0"  branch="false" />
			<line number="489"  hits="0"  branch="false" />
			<line number="490"  hits="0"  branch="false" />
			<line number="491"  hits="0"  branch="false" />
			<line number="494"  hits="1"  branch="true"  condition-coverage="60% (3/5)" />
			<line number="495"  hits="1"  branch="false" />
			<line number="497"  hits="0"  branch="false" />
			<line number="499"  hits="1"  branch="false" />
			<line number="500"  hits="1"  branch="false" />
			<line number="501"  hits="1"  branch="false" />
			<line number="507"  hits="23"  branch="false" />
			<line number="508"  hits="1"  branch="false" />
			<line number="509"  hits="1"  branch="false" />
			<line number="510"  hits="1"  branch="false" />
			<line number="513"  hits="23"  branch="false" />
			<line number="514"  hits="0"  branch="false" />
			<line number="518"  hits="23"  branch="false" />
			<line number="519"  hits="1"  branch="false" />
			<line number="523"  hits="23"  branch="false" />
			<line number="524"  hits="4"  branch="false" />
			<line number="525"  hits="4"  branch="true"  condition-coverage="50% (1/2)" />
			<line number="526"  hits="4"  branch="false" />
			<line number="528"  hits="0"  branch="false" />
			<line number="531"  hits="23"  branch="false" />
			<line number="532"  hits="1"  branch="false" />
			<line number="533"  hits="1"  branch="false" />
			<line number="534"  hits="1"  branch="false" />
			<line number="535"  hits="1"  branch="false" />
			<line number="536"  hits="1"  branch="false" />
			<line number="537"  hits="1"  branch="false" />
			<line number="538"  hits="1"  branch="true"  condition-coverage="75% (3/4)" />
			<line number="539"  hits="1"  branch="false" />
			<line number="541"  hits="1"  branch="false" />
			<line number="545"  hits="23"  branch="false" />
			<line number="546"  hits="1"  branch="false" />
			<line number="547"  hits="1"  branch="false" />
			<line number="548"  hits="1"  branch="false" />
			<line number="549"  hits="1"  branch="true"  condition-coverage="75% (3/4)" />
			<line number="550"  hits="1"  branch="true"  condition-coverage="50% (1/2)" />
			<line number="551"  hits="0"  branch="false" />
			<line number="553"  hits="1"  branch="true"  condition-coverage="50% (1/2)" />
			<line number="554"  hits="1"  branch="true"  condition-coverage="50% (1/2)" />
			<line number="555"  hits="1"  branch="true"  condition-coverage="50% (1/2)" />
			<line number="556"  hits="1"  branch="true"  condition-coverage="80% (4/5)" />
			<line number="557"  hits="1"  branch="false" />
			<line number="558"  hits="1"  branch="false" />
			<line number="559"  hits="1"  branch="false" />
			<line number="567"  hits="1"  branch="false" />
			<line number="569"  hits="1"  branch="false" />
			<line number="570"  hits="1"  branch="false" />
			<line number="571"  hits="1"  branch="false" />
			<line number="572"  hits="1"  branch="false" />
			<line number="573"  hits="1"  branch="false" />
			<line number="574"  hits="1"  branch="false" />
			<line number="582"  hits="0"  branch="false" />
			<line number="583"  hits="0"  branch="false" />
			<line number="587"  hits="23"  branch="false" />
			<line number="588"  hits="1"  branch="false" />
			<line number="589"  hits="1"  branch="false" />
			<line number="590"  hits="1"  branch="false" />
			<line number="591"  hits="1"  branch="false" />
			<line number="592"  hits="1"  branch="true"  condition-coverage="50% (1/2)" />
			<line number="593"  hits="1"  branch="false" />
			<line number="595"  hits="1"  branch="false" />
			<line number="598"  hits="1"  branch="true"  condition-coverage="50% (1/2)" />
			<line number="599"  hits="0"  branch="false" />
			<line number="601"  hits="1"  branch="false" />
			<line number="605"  hits="1"  branch="false" />
			<line number="606"  hits="1"  branch="true"  condition-coverage="50% (1/2)" />
			<line number="608"  hits="0"  branch="false" />
			<line number="609"  hits="0"  branch="false" />
			<line number="612"  hits="1"  branch="false" />
			<line number="615"  hits="0"  branch="false" />
			<line number="620"  hits="23"  branch="false" />
			<line number="621"  hits="1"  branch="false" />
			<line number="623"  hits="1"  branch="true"  condition-coverage="80% (4/5)" />
			<line number="624"  hits="1"  branch="false" />
			<line number="625"  hits="1"  branch="false" />
			<line number="626"  hits="1"  branch="false" />
			<line number="627"  hits="1"  branch="false" />
			<line number="628"  hits="1"  branch="false" />
			<line number="629"  hits="1"  branch="false" />
			<line number="630"  hits="1"  branch="false" />
			<line number="631"  hits="1"  branch="false" />
			<line number="632"  hits="1"  branch="false" />
			<line number="633"  hits="1"  branch="false" />
			<line number="634"  hits="1"  branch="false" />
			<line number="635"  hits="1"  branch="false" />
			<line number="636"  hits="1"  branch="false" />
			<line number="637"  hits="1"  branch="false" />
			<line number="638"  hits="1"  branch="false" />
			<line number="639"  hits="1"  branch="false" />
			<line number="645"  hits="0"  branch="false" />
			<line number="647"  hits="0"  branch="false" />
			<line number="648"  hits="0"  branch="false" />
			<line number="649"  hits="0"  branch="false" />
			<line number="650"  hits="0"  branch="false" />
			<line number="651"  hits="0"  branch="false" />
			<line number="656"  hits="23"  branch="false" />
			<line number="657"  hits="1"  branch="false" />
			<line number="658"  hits="1"  branch="false" />
			<line number="659"  hits="1"  branch="false" />
			<line number="660"  hits="1"  branch="false" />
			<line number="661"  hits="1"  branch="false" />
			<line number="663"  hits="0"  branch="false" />
			<line number="664"  hits="0"  branch="false" />
			<line number="669"  hits="23"  branch="false" />
			<line number="670"  hits="1"  branch="false" />
			<line number="671"  hits="1"  branch="false" />
			<line number="681"  hits="1"  branch="false" />
			<line number="684"  hits="23"  branch="false" />
			<line number="685"  hits="1"  branch="false" />
			<line number="686"  hits="1"  branch="true"  condition-coverage="75% (3/4)" />
			<line number="687"  hits="1"  branch="false" />
			<line number="688"  hits="1"  branch="false" />
			<line number="692"  hits="23"  branch="false" />
			<line number="693"  hits="1"  branch="false" />
			<line number="697"  hits="23"  branch="false" />
			<line number="698"  hits="2"  branch="false" />
			<line number="699"  hits="2"  branch="true"  condition-coverage="50% (1/2)" />
			<line number="700"  hits="2"  branch="false" />
			<line number="701"  hits="2"  branch="false" />
			<line number="703"  hits="2"  branch="false" />
			<line number="707"  hits="2"  branch="false" />
			<line number="708"  hits="2"  branch="false" />
			<line number="709"  hits="2"  branch="false" />
			<line number="711"  hits="2"  branch="false" />
			<line number="714"  hits="2"  branch="false" />
			<line number="715"  hits="2"  branch="false" />
			<line number="716"  hits="2"  branch="false" />
			<line number="718"  hits="0"  branch="false" />
			<line number="722"  hits="23"  branch="false" />
			<line number="723"  hits="1"  branch="false" />
			<line number="724"  hits="1"  branch="false" />
			<line number="726"  hits="1"  branch="true"  condition-coverage="50% (1/2)" />
			<line number="727"  hits="1"  branch="false" />
			<line number="728"  hits="1"  branch="false" />
			<line number="729"  hits="1"  branch="true"  condition-coverage="50% (1/2)" />
			<line number="730"  hits="1"  branch="false" />
			<line number="731"  hits="1"  branch="false" />
			<line number="734"  hits="1"  branch="true"  condition-coverage="50% (1/2)" />
			<line number="735"  hits="1"  branch="false" />
			<line number="736"  hits="1"  branch="false" />
			<line number="737"  hits="1"  branch="false" />
			<line number="739"  hits="1"  branch="false" />
			<line number="740"  hits="1"  branch="false" />
			<line number="741"  hits="1"  branch="false" />
			<line number="742"  hits="1"  branch="true"  condition-coverage="50% (1/2)" />
			<line number="744"  hits="0"  branch="false" />
			<line number="753"  hits="23"  branch="false" />
			<line number="754"  hits="2"  branch="false" />
			<line number="755"  hits="45"  branch="false" />
			<line number="760"  hits="23"  branch="false" />
			<line number="762"  hits="1"  branch="false" />
			<line number="764"  hits="2"  branch="true"  condition-coverage="100% (2/2)" />
			<line number="766"  hits="1"  branch="false" />
			<line number="768"  hits="1"  branch="false" />
			<line number="774"  hits="23"  branch="false" />
			<line number="775"  hits="1"  branch="false" />
			<line number="776"  hits="1"  branch="true"  condition-coverage="50% (1/2)" />
			<line number="777"  hits="1"  branch="false" />
			<line number="778"  hits="1"  branch="false" />
			<line number="779"  hits="1"  branch="false" />
			<line number="780"  hits="1"  branch="false" />
			<line number="781"  hits="1"  branch="true"  condition-coverage="50% (1/2)" />
			<line number="782"  hits="0"  branch="false" />
			<line number="784"  hits="1"  branch="false" />
			<line number="785"  hits="1"  branch="false" />
			<line number="786"  hits="1"  branch="false" />
			<line number="787"  hits="1"  branch="false" />
			<line number="788"  hits="1"  branch="false" />
			<line number="789"  hits="1"  branch="false" />
			<line number="790"  hits="1"  branch="false" />
			<line number="792"  hits="1"  branch="false" />
			<line number="793"  hits="1"  branch="false" />
			<line number="795"  hits="1"  branch="false" />
			<line number="796"  hits="1"  branch="false" />
			<line number="798"  hits="1"  branch="true"  condition-coverage="50% (1/2)" />
			<line number="799"  hits="1"  branch="false" />
			<line number="800"  hits="1"  branch="false" />
			<line number="801"  hits="1"  branch="false" />
			<line number="803"  hits="1"  branch="false" />
			<line number="804"  hits="1"  branch="false" />
			<line number="805"  hits="1"  branch="false" />
			<line number="806"  hits="1"  branch="false" />
			<line number="807"  hits="1"  branch="false" />
			<line number="808"  hits="1"  branch="false" />
			<line number="809"  hits="0"  branch="true"  condition-coverage="0% (0/2)" />
			<line number="810"  hits="0"  branch="false" />
			<line number="813"  hits="1"  branch="true"  condition-coverage="50% (1/2)" />
			<line number="814"  hits="1"  branch="false" />
			<line number="818"  hits="1"  branch="false" />
			<line number="819"  hits="0"  branch="false" />
			<line number="820"  hits="0"  branch="false" />
			<line number="821"  hits="0"  branch="true"  condition-coverage="0% (0/2)" />
			<line number="822"  hits="0"  branch="false" />
			<line number="825"  hits="0"  branch="true"  condition-coverage="0% (0/2)" />
			<line number="826"  hits="0"  branch="false" />
			<line number="831"  hits="1"  branch="false" />
			<line number="832"  hits="1"  branch="true"  condition-coverage="50% (1/2)" />
			<line number="833"  hits="0"  branch="false" />
			<line number="837"  hits="1"  branch="false" />
			<line number="838"  hits="0"  branch="true"  condition-coverage="0% (0/2)" />
			<line number="839"  hits="0"  branch="false" />
			<line number="842"  hits="1"  branch="false" />
			<line number="843"  hits="1"  branch="false" />
			<line number="844"  hits="1"  branch="false" />
			<line number="845"  hits="1"  branch="false" />
			<line number="846"  hits="1"  branch="false" />
			<line number="847"  hits="1"  branch="false" />
			<line number="848"  hits="1"  branch="true"  condition-coverage="50% (1/2)" />
			<line number="849"  hits="1"  branch="false" />
			<line number="850"  hits="1"  branch="false" />
			<line number="851"  hits="1"  branch="false" />
			<line number="856"  hits="1"  branch="true"  condition-coverage="50% (2/4)" />
			<line number="857"  hits="1"  branch="false" />
			<line number="858"  hits="1"  branch="false" />
			<line number="859"  hits="1"  branch="false" />
			<line number="861"  hits="0"  branch="false" />
			<line number="862"  hits="0"  branch="false" />
			<line number="863"  hits="0"  branch="false" />
			<line number="867"  hits="0"  branch="false" />
			<line number="872"  hits="0"  branch="false" />
			<line number="876"  hits="23"  branch="false" />
			<line number="877"  hits="1"  branch="true"  condition-coverage="50% (1/2)" />
			<line number="879"  hits="1"  branch="false" />
			<line number="880"  hits="1"  branch="false" />
			<line number="881"  hits="1"  branch="false" />
			<line number="882"  hits="1"  branch="true"  condition-coverage="50% (1/2)" />
			<line number="883"  hits="0"  branch="false" />
			<line number="884"  hits="0"  branch="false" />
			<line number="886"  hits="1"  branch="false" />
			<line number="887"  hits="1"  branch="false" />
			<line number="889"  hits="1"  branch="false" />
			<line number="890"  hits="1"  branch="true"  condition-coverage="50% (1/2)" />
			<line number="891"  hits="0"  branch="false" />
			<line number="893"  hits="1"  branch="false" />
			<line number="897"  hits="0"  branch="false" />
			<line number="901"  hits="23"  branch="false" />
			<line number="904"  hits="1"  branch="false" />
			<line number="906"  hits="1"  branch="false" />
			<line number="909"  hits="1"  branch="false" />
			<line number="910"  hits="1"  branch="false" />
			<line number="912"  hits="1"  branch="false" />
			<line number="915"  hits="1"  branch="false" />
			<line number="916"  hits="1"  branch="false" />
			<line number="917"  hits="1"  branch="true"  condition-coverage="50% (1/2)" />
			<line number="918"  hits="1"  branch="false" />
			<line number="919"  hits="1"  branch="false" />
			<line number="920"  hits="1"  branch="false" />
			<line number="924"  hits="1"  branch="true"  condition-coverage="50% (1/2)" />
			<line number="925"  hits="0"  branch="false" />
			<line number="926"  hits="0"  branch="false" />
			<line number="927"  hits="0"  branch="false" />
			<line number="928"  hits="0"  branch="true"  condition-coverage="0% (0/2)" />
			<line number="929"  hits="0"  branch="false" />
			<line number="934"  hits="1"  branch="false" />
			<line number="935"  hits="1"  branch="false" />
			<line number="936"  hits="1"  branch="false" />
			<line number="939"  hits="1"  branch="false" />
			<line number="940"  hits="1"  branch="false" />
			<line number="941"  hits="1"  branch="false" />
			<line number="942"  hits="1"  branch="false" />
			<line number="944"  hits="1"  branch="false" />
			<line number="945"  hits="1"  branch="false" />
			<line number="946"  hits="1"  branch="false" />
			<line number="947"  hits="1"  branch="false" />
			<line number="948"  hits="1"  branch="false" />
			<line number="949"  hits="1"  branch="false" />
			<line number="950"  hits="1"  branch="false" />
			<line number="952"  hits="1"  branch="false" />
			<line number="953"  hits="0"  branch="true"  condition-coverage="0% (0/2)" />
			<line number="954"  hits="0"  branch="false" />
		</lines>
		</class>
	</classes>
	</package>
	<package name="scripts.controllers.mentions"  line-rate="0.75"  branch-rate="1" >
	<classes>
		<class name="mentions.js"  filename="./app/scripts/controllers/mentions/mentions.js"  line-rate="0.75"  branch-rate="1" >
		<methods>
			<method name="(anonymous_1)"  hits="1"  signature="()V" >
				<lines><line number="28"  hits="1" /></lines>
			</method>
			<method name="(anonymous_2)"  hits="0"  signature="()V" >
[...]
			<line number="433"  hits="1962"  branch="true"  condition-coverage="50% (1/2)" />
			<line number="434"  hits="1962"  branch="true"  condition-coverage="75% (3/4)" />
			<line number="436"  hits="660"  branch="false" />
			<line number="437"  hits="660"  branch="false" />
			<line number="439"  hits="6"  branch="false" />
			<line number="440"  hits="6"  branch="false" />
			<line number="442"  hits="0"  branch="false" />
			<line number="443"  hits="0"  branch="false" />
			<line number="445"  hits="1296"  branch="false" />
			<line number="446"  hits="1296"  branch="false" />
			<line number="451"  hits="1962"  branch="false" />
			<line number="452"  hits="1962"  branch="true"  condition-coverage="100% (4/4)" />
			<line number="453"  hits="6"  branch="false" />
			<line number="454"  hits="12"  branch="false" />
			<line number="457"  hits="1962"  branch="false" />
			<line number="458"  hits="1962"  branch="true"  condition-coverage="100% (2/2)" />
			<line number="459"  hits="6"  branch="false" />
			<line number="461"  hits="1962"  branch="false" />
			<line number="472"  hits="1"  branch="false" />
			<line number="473"  hits="666"  branch="false" />
			<line number="474"  hits="666"  branch="false" />
			<line number="476"  hits="1"  branch="false" />
			<line number="477"  hits="1"  branch="false" />
			<line number="485"  hits="1"  branch="false" />
			<line number="495"  hits="1"  branch="false" />
			<line number="496"  hits="2970"  branch="false" />
			<line number="497"  hits="2970"  branch="false" />
			<line number="499"  hits="1"  branch="false" />
			<line number="500"  hits="1"  branch="false" />
			<line number="508"  hits="1"  branch="false" />
			<line number="518"  hits="1"  branch="false" />
			<line number="519"  hits="161"  branch="false" />
			<line number="520"  hits="161"  branch="false" />
			<line number="522"  hits="1"  branch="false" />
			<line number="523"  hits="1"  branch="false" />
			<line number="531"  hits="1"  branch="false" />
			<line number="539"  hits="1"  branch="false" />
			<line number="546"  hits="1"  branch="false" />
			<line number="547"  hits="161"  branch="false" />
			<line number="548"  hits="161"  branch="false" />
			<line number="549"  hits="161"  branch="false" />
			<line number="550"  hits="161"  branch="false" />
			<line number="551"  hits="161"  branch="false" />
			<line number="552"  hits="161"  branch="false" />
			<line number="553"  hits="161"  branch="false" />
			<line number="554"  hits="161"  branch="false" />
			<line number="555"  hits="161"  branch="false" />
			<line number="566"  hits="1"  branch="false" />
			<line number="567"  hits="16"  branch="false" />
			<line number="568"  hits="16"  branch="false" />
			<line number="570"  hits="1"  branch="false" />
			<line number="571"  hits="1"  branch="false" />
			<line number="579"  hits="1"  branch="false" />
			<line number="587"  hits="1"  branch="false" />
			<line number="595"  hits="1"  branch="false" />
			<line number="602"  hits="1"  branch="false" />
			<line number="603"  hits="16"  branch="false" />
			<line number="604"  hits="16"  branch="false" />
			<line number="605"  hits="16"  branch="false" />
			<line number="606"  hits="16"  branch="false" />
			<line number="607"  hits="16"  branch="false" />
			<line number="608"  hits="16"  branch="false" />
			<line number="610"  hits="16"  branch="false" />
			<line number="611"  hits="16"  branch="false" />
			<line number="613"  hits="16"  branch="true"  condition-coverage="50% (1/2)" />
			<line number="614"  hits="0"  branch="false" />
			<line number="616"  hits="0"  branch="false" />
			<line number="617"  hits="0"  branch="true"  condition-coverage="0% (0/2)" />
			<line number="618"  hits="0"  branch="false" />
			<line number="619"  hits="0"  branch="false" />
			<line number="625"  hits="16"  branch="false" />
			<line number="627"  hits="40"  branch="false" />
			<line number="628"  hits="100"  branch="true"  condition-coverage="50% (1/2)" />
			<line number="629"  hits="100"  branch="false" />
			<line number="630"  hits="100"  branch="false" />
			<line number="637"  hits="16"  branch="false" />
			<line number="638"  hits="16"  branch="false" />
			<line number="639"  hits="16"  branch="true"  condition-coverage="75% (3/4)" />
			<line number="640"  hits="0"  branch="false" />
			<line number="641"  hits="0"  branch="false" />
			<line number="644"  hits="16"  branch="false" />
			<line number="645"  hits="16"  branch="false" />
			<line number="646"  hits="16"  branch="true"  condition-coverage="50% (1/2)" />
			<line number="647"  hits="0"  branch="false" />
			<line number="650"  hits="16"  branch="false" />
			<line number="661"  hits="1"  branch="false" />
			<line number="662"  hits="84"  branch="false" />
			<line number="663"  hits="84"  branch="false" />
			<line number="665"  hits="1"  branch="false" />
			<line number="666"  hits="1"  branch="false" />
			<line number="674"  hits="1"  branch="false" />
			<line number="682"  hits="1"  branch="false" />
			<line number="683"  hits="1"  branch="false" />
			<line number="684"  hits="84"  branch="false" />
			<line number="685"  hits="84"  branch="false" />
			<line number="686"  hits="84"  branch="false" />
			<line number="687"  hits="84"  branch="false" />
			<line number="688"  hits="84"  branch="false" />
			<line number="689"  hits="84"  branch="false" />
			<line number="690"  hits="84"  branch="false" />
			<line number="691"  hits="84"  branch="false" />
			<line number="692"  hits="356"  branch="false" />
			<line number="694"  hits="84"  branch="false" />
			<line number="695"  hits="84"  branch="false" />
			<line number="697"  hits="84"  branch="true"  condition-coverage="75% (3/4)" />
			<line number="698"  hits="0"  branch="false" />
			<line number="699"  hits="0"  branch="false" />
			<line number="702"  hits="84"  branch="false" />
			<line number="703"  hits="84"  branch="false" />
			<line number="704"  hits="84"  branch="false" />
			<line number="715"  hits="1"  branch="false" />
			<line number="716"  hits="0"  branch="false" />
			<line number="717"  hits="0"  branch="false" />
			<line number="719"  hits="1"  branch="false" />
			<line number="720"  hits="1"  branch="false" />
			<line number="728"  hits="1"  branch="false" />
			<line number="736"  hits="1"  branch="false" />
			<line number="737"  hits="1"  branch="false" />
			<line number="738"  hits="0"  branch="false" />
			<line number="739"  hits="0"  branch="false" />
			<line number="740"  hits="0"  branch="false" />
			<line number="741"  hits="0"  branch="false" />
			<line number="742"  hits="0"  branch="false" />
			<line number="743"  hits="0"  branch="false" />
			<line number="744"  hits="0"  branch="false" />
			<line number="745"  hits="0"  branch="false" />
			<line number="746"  hits="0"  branch="true"  condition-coverage="0% (0/4)" />
			<line number="747"  hits="0"  branch="false" />
			<line number="748"  hits="0"  branch="false" />
			<line number="751"  hits="0"  branch="false" />
			<line number="752"  hits="0"  branch="false" />
			<line number="753"  hits="0"  branch="true"  condition-coverage="0% (0/2)" />
			<line number="754"  hits="0"  branch="false" />
			<line number="756"  hits="0"  branch="false" />
			<line number="767"  hits="1"  branch="false" />
			<line number="768"  hits="2537"  branch="false" />
			<line number="769"  hits="2537"  branch="false" />
			<line number="771"  hits="1"  branch="false" />
			<line number="772"  hits="1"  branch="false" />
			<line number="779"  hits="1"  branch="false" />
			<line number="780"  hits="1365"  branch="false" />
			<line number="781"  hits="1365"  branch="false" />
			<line number="782"  hits="1365"  branch="false" />
			<line number="783"  hits="1365"  branch="false" />
			<line number="784"  hits="1365"  branch="true"  condition-coverage="100% (2/2)" />
			<line number="785"  hits="1318"  branch="false" />
			<line number="787"  hits="1365"  branch="false" />
			<line number="788"  hits="1365"  branch="false" />
			<line number="789"  hits="1365"  branch="true"  condition-coverage="100% (4/4)" />
			<line number="790"  hits="697"  branch="false" />
			<line number="791"  hits="3529"  branch="false" />
			<line number="792"  hits="3529"  branch="false" />
			<line number="796"  hits="1365"  branch="false" />
			<line number="797"  hits="1365"  branch="false" />
			<line number="798"  hits="1365"  branch="true"  condition-coverage="100% (2/2)" />
			<line number="799"  hits="697"  branch="false" />
			<line number="801"  hits="1365"  branch="false" />
			<line number="812"  hits="1"  branch="false" />
			<line number="821"  hits="1"  branch="false" />
			<line number="830"  hits="1"  branch="false" />
			<line number="839"  hits="1"  branch="false" />
			<line number="848"  hits="1"  branch="false" />
			<line number="857"  hits="1"  branch="false" />
			<line number="866"  hits="1"  branch="false" />
			<line number="875"  hits="1"  branch="false" />
			<line number="876"  hits="47"  branch="false" />
			<line number="877"  hits="47"  branch="false" />
			<line number="878"  hits="47"  branch="false" />
			<line number="879"  hits="6369"  branch="true"  condition-coverage="100% (2/2)" />
			<line number="880"  hits="1898"  branch="false" />
			<line number="881"  hits="10508"  branch="false" />
			<line number="882"  hits="10508"  branch="true"  condition-coverage="100% (6/6)" />
			<line number="883"  hits="1162"  branch="false" />
			<line number="888"  hits="47"  branch="false" />
			<line number="898"  hits="1"  branch="false" />
			<line number="899"  hits="6387"  branch="true"  condition-coverage="50% (1/2)" />
			<line number="900"  hits="6387"  branch="true"  condition-coverage="100% (6/6)" />
			<line number="901"  hits="666"  branch="false" />
			<line number="903"  hits="5721"  branch="true"  condition-coverage="100% (4/4)" />
			<line number="904"  hits="161"  branch="false" />
			<line number="906"  hits="5560"  branch="true"  condition-coverage="100% (6/6)" />
			<line number="907"  hits="2970"  branch="false" />
			<line number="909"  hits="2590"  branch="true"  condition-coverage="100% (6/6)" />
			<line number="910"  hits="16"  branch="false" />
			<line number="912"  hits="2574"  branch="true"  condition-coverage="100% (6/6)" />
			<line number="913"  hits="84"  branch="false" />
			<line number="915"  hits="2490"  branch="true"  condition-coverage="66.66666666666666% (4/6)" />
			<line number="916"  hits="0"  branch="false" />
			<line number="919"  hits="2490"  branch="false" />
			<line number="930"  hits="1"  branch="false" />
			<line number="932"  hits="6387"  branch="true"  condition-coverage="85.71428571428571% (6/7)" />
			<line number="934"  hits="2970"  branch="false" />
			<line number="935"  hits="2970"  branch="false" />
			<line number="936"  hits="2970"  branch="false" />
			<line number="937"  hits="2970"  branch="false" />
			<line number="938"  hits="2970"  branch="false" />
			<line number="939"  hits="2970"  branch="false" />
			<line number="942"  hits="2970"  branch="false" />
			<line number="944"  hits="666"  branch="false" />
			<line number="945"  hits="666"  branch="false" />
			<line number="946"  hits="666"  branch="false" />
			<line number="947"  hits="666"  branch="false" />
			<line number="948"  hits="666"  branch="false" />
			<line number="949"  hits="666"  branch="false" />
			<line number="952"  hits="666"  branch="false" />
			<line number="954"  hits="161"  branch="false" />
			<line number="955"  hits="161"  branch="false" />
			<line number="956"  hits="161"  branch="true"  condition-coverage="100% (2/2)" />
			<line number="957"  hits="161"  branch="false" />
			<line number="958"  hits="161"  branch="false" />
			<line number="959"  hits="161"  branch="false" />
			<line number="961"  hits="16"  branch="false" />
			<line number="962"  hits="16"  branch="false" />
			<line number="963"  hits="16"  branch="false" />
			<line number="964"  hits="16"  branch="false" />
			<line number="965"  hits="28"  branch="false" />
			<line number="967"  hits="16"  branch="false" />
			<line number="968"  hits="112"  branch="false" />
			<line number="970"  hits="16"  branch="false" />
			<line number="971"  hits="16"  branch="true"  condition-coverage="50% (1/2)" />
			<line number="972"  hits="0"  branch="false" />
			<line number="973"  hits="0"  branch="false" />
			<line number="974"  hits="0"  branch="false" />
			<line number="975"  hits="0"  branch="false" />
			<line number="977"  hits="0"  branch="false" />
			<line number="980"  hits="16"  branch="false" />
			<line number="981"  hits="16"  branch="true"  condition-coverage="50% (1/2)" />
			<line number="982"  hits="16"  branch="false" />
			<line number="983"  hits="56"  branch="false" />
			<line number="984"  hits="56"  branch="true"  condition-coverage="100% (2/2)" />
			<line number="985"  hits="10"  branch="false" />
			<line number="986"  hits="10"  branch="false" />
			<line number="988"  hits="46"  branch="false" />
			<line number="990"  hits="56"  branch="false" />
			<line number="992"  hits="16"  branch="true"  condition-coverage="100% (2/2)" />
			<line number="993"  hits="6"  branch="false" />
			<line number="995"  hits="10"  branch="false" />
			<line number="998"  hits="0"  branch="false" />
			<line number="999"  hits="0"  branch="false" />
			<line number="1000"  hits="0"  branch="true"  condition-coverage="0% (0/2)" />
			<line number="1001"  hits="0"  branch="false" />
			<line number="1002"  hits="0"  branch="false" />
			<line number="1004"  hits="0"  branch="false" />
			<line number="1007"  hits="0"  branch="false" />
			<line number="1009"  hits="0"  branch="true"  condition-coverage="0% (0/2)" />
			<line number="1010"  hits="0"  branch="false" />
			<line number="1015"  hits="16"  branch="false" />
			<line number="1016"  hits="16"  branch="false" />
			<line number="1017"  hits="16"  branch="false" />
			<line number="1018"  hits="16"  branch="false" />
			<line number="1019"  hits="16"  branch="false" />
			<line number="1021"  hits="84"  branch="false" />
			<line number="1022"  hits="84"  branch="false" />
			<line number="1023"  hits="84"  branch="false" />
			<line number="1024"  hits="356"  branch="false" />
			<line number="1026"  hits="84"  branch="false" />
			<line number="1027"  hits="84"  branch="false" />
			<line number="1028"  hits="84"  branch="false" />
			<line number="1029"  hits="84"  branch="false" />
			<line number="1030"  hits="84"  branch="false" />
			<line number="1032"  hits="0"  branch="false" />
			<line number="1034"  hits="0"  branch="false" />
			<line number="1035"  hits="0"  branch="false" />
			<line number="1036"  hits="0"  branch="false" />
			<line number="1037"  hits="0"  branch="false" />
			<line number="1038"  hits="0"  branch="false" />
			<line number="1039"  hits="0"  branch="false" />
			<line number="1040"  hits="0"  branch="false" />
			<line number="1042"  hits="2490"  branch="false" />
			<line number="1043"  hits="2490"  branch="false" />
			<line number="1044"  hits="2490"  branch="false" />
			<line number="1045"  hits="2490"  branch="false" />
			<line number="1046"  hits="2490"  branch="false" />
			<line number="1049"  hits="2490"  branch="false" />
			<line number="1059"  hits="1"  branch="false" />
			<line number="1060"  hits="47"  branch="false" />
			<line number="1063"  hits="47"  branch="false" />
			<line number="1066"  hits="47"  branch="false" />
			<line number="1068"  hits="47"  branch="false" />
			<line number="1069"  hits="47"  branch="false" />
			<line number="1076"  hits="1"  branch="false" />
			<line number="1079"  hits="57"  branch="false" />
			<line number="1082"  hits="47"  branch="false" />
			<line number="1083"  hits="47"  branch="true"  condition-coverage="50% (1/2)" />
			<line number="1084"  hits="0"  branch="false" />
			<line number="1086"  hits="47"  branch="false" />
			<line number="1089"  hits="47"  branch="false" />
			<line number="1092"  hits="47"  branch="false" />
			<line number="1094"  hits="47"  branch="false" />
			<line number="1097"  hits="47"  branch="false" />
			<line number="1099"  hits="47"  branch="false" />
			<line number="1100"  hits="47"  branch="false" />
			<line number="1101"  hits="47"  branch="false" />
			<line number="1104"  hits="3590"  branch="true"  condition-coverage="100% (4/4)" />
			<line number="1105"  hits="3589"  branch="true"  condition-coverage="50% (1/2)" />
			<line number="1106"  hits="3589"  branch="false" />
			<line number="1107"  hits="3589"  branch="true"  condition-coverage="100% (2/2)" />
			<line number="1108"  hits="161"  branch="false" />
			<line number="1110"  hits="13685"  branch="true"  condition-coverage="100% (2/2)" />
			<line number="1113"  hits="3589"  branch="true"  condition-coverage="50% (1/2)" />
			<line number="1114"  hits="3589"  branch="false" />
			<line number="1115"  hits="3586"  branch="false" />
			<line number="1120"  hits="3590"  branch="false" />
			<line number="1124"  hits="3752"  branch="true"  condition-coverage="83.33333333333334% (5/6)" />
			<line number="1125"  hits="3752"  branch="false" />
			<line number="1127"  hits="3752"  branch="true"  condition-coverage="100% (4/4)" />
			<line number="1128"  hits="3704"  branch="false" />
			<line number="1129"  hits="3704"  branch="true"  condition-coverage="50% (1/2)" />
			<line number="1130"  hits="0"  branch="false" />
			<line number="1134"  hits="3752"  branch="false" />
			<line number="1136"  hits="0"  branch="false" />
			<line number="1141"  hits="1"  branch="false" />
			<line number="1142"  hits="1"  branch="false" />
			<line number="1147"  hits="1"  branch="false" />
			<line number="1148"  hits="20"  branch="false" />
			<line number="1149"  hits="20"  branch="false" />
			<line number="1150"  hits="20"  branch="false" />
			<line number="1152"  hits="1"  branch="false" />
			<line number="1153"  hits="1"  branch="false" />
			<line number="1154"  hits="1"  branch="true"  condition-coverage="50% (1/2)" />
			<line number="1155"  hits="1"  branch="false" />
			<line number="1156"  hits="1"  branch="false" />
			<line number="1158"  hits="0"  branch="false" />
			<line number="1161"  hits="1"  branch="false" />
			<line number="1164"  hits="1"  branch="true"  condition-coverage="75% (3/4)" />
			<line number="1165"  hits="1"  branch="false" />
			<line number="1166"  hits="15"  branch="false" />
			<line number="1168"  hits="1"  branch="false" />
			<line number="1169"  hits="5"  branch="false" />
			<line number="1179"  hits="1"  branch="false" />
			<line number="1180"  hits="1"  branch="false" />
			<line number="1188"  hits="1"  branch="false" />
			<line number="1191"  hits="1"  branch="false" />
			<line number="1192"  hits="3"  branch="true"  condition-coverage="75% (3/4)" />
			<line number="1193"  hits="0"  branch="false" />
			<line number="1195"  hits="3"  branch="false" />
			<line number="1196"  hits="3"  branch="true"  condition-coverage="100% (2/2)" />
			<line number="1197"  hits="1"  branch="false" />
			<line number="1198"  hits="1"  branch="true"  condition-coverage="50% (1/2)" />
			<line number="1199"  hits="0"  branch="false" />
			<line number="1202"  hits="2"  branch="false" />
			<line number="1204"  hits="3"  branch="true"  condition-coverage="100% (4/4)" />
			<line number="1205"  hits="2"  branch="false" />
			<line number="1206"  hits="2"  branch="false" />
			<line number="1208"  hits="3"  branch="false" />
			<line number="1209"  hits="3"  branch="false" />
			<line number="1213"  hits="1"  branch="false" />
			<line number="1216"  hits="1"  branch="false" />
			<line number="1220"  hits="1"  branch="false" />
			<line number="1221"  hits="1"  branch="false" />
			<line number="1222"  hits="1"  branch="false" />
		</lines>
		</class>
	</classes>
	</package>
</packages>
</coverage>
